#
# A fatal error has been detected by the Java Runtime Environment:
#
#  EXCEPTION_ACCESS_VIOLATION (0xc0000005) at pc=0x00007ffe6403d990, pid=12356, tid=4568
#
# JRE version: Java(TM) SE Runtime Environment (16.0.1+9) (build 16.0.1+9-24)
# Java VM: Java HotSpot(TM) 64-Bit Server VM (16.0.1+9-24, mixed mode, sharing, tiered, compressed oops, compressed class ptrs, g1 gc, windows-amd64)
# Problematic frame:
# C  [ntdll.dll+0x2d990]
#
# No core dump will be written. Minidumps are not enabled by default on client versions of Windows
#
# If you would like to submit a bug report, please visit:
#   https://bugreport.java.com/bugreport/crash.jsp
# The crash happened outside the Java Virtual Machine in native code.
# See problematic frame for where to report the bug.
#

---------------  S U M M A R Y ------------

Command Line: -Dfile.encoding=UTF-8 -XX:+ShowCodeDetailsInExceptionMessages Seaquest

Host: Intel(R) Xeon(R) CPU E5-1620 0 @ 3.60GHz, 4 cores, 15G,  Windows 10 , 64 bit Build 19041 (10.0.19041.1023)
Time: Thu Jul 22 16:14:07 2021 Hora oficial do Brasil elapsed time: 5.200305 seconds (0d 0h 0m 5s)

---------------  T H R E A D  ---------------

Current thread (0x000002a0b18f2dd0):  JavaThread "LWJGL Application" [_thread_in_native, id=4568, stack(0x000000c585c00000,0x000000c585d00000)]

Stack: [0x000000c585c00000,0x000000c585d00000],  sp=0x000000c585cfdb20,  free space=1014k
Native frames: (J=compiled Java code, j=interpreted, Vv=VM code, C=native code)
C  [ntdll.dll+0x2d990]
C  [ntdll.dll+0x2b44d]
C  [msvcrt.dll+0x19d40]
C  [msvcrt.dll+0x19dd2]
C  [gdx64.dll+0x3e582]

Java frames: (J=compiled Java code, j=interpreted, Vv=VM code)
j  com.badlogic.gdx.graphics.g2d.Gdx2DPixmap.load([J[BIII)Ljava/nio/ByteBuffer;+0
J 1378 c1 com.badlogic.gdx.graphics.g2d.Gdx2DPixmap.<init>([BIII)V (88 bytes) @ 0x000002a09685c10c [0x000002a09685bf80+0x000000000000018c]
j  com.badlogic.gdx.graphics.Pixmap.<init>(Lcom/badlogic/gdx/files/FileHandle;)V+24
j  com.badlogic.gdx.graphics.glutils.FileTextureData.prepare()V+63
j  com.badlogic.gdx.graphics.Texture.load(Lcom/badlogic/gdx/graphics/TextureData;)V+50
J 1376 c1 com.badlogic.gdx.graphics.Texture.<init>(Lcom/badlogic/gdx/files/FileHandle;Lcom/badlogic/gdx/graphics/Pixmap$Format;Z)V (76 bytes) @ 0x000002a09685b154 [0x000002a09685aa60+0x00000000000006f4]
j  com.badlogic.gdx.graphics.Texture.<init>(Lcom/badlogic/gdx/files/FileHandle;Z)V+4
j  com.badlogic.gdx.graphics.g2d.BitmapFont.<init>(Lcom/badlogic/gdx/files/FileHandle;Lcom/badlogic/gdx/files/FileHandle;ZZ)V+20
j  com.badlogic.gdx.graphics.g2d.BitmapFont.<init>()V+23
j  Submarino.anima(Lcom/badlogic/gdx/graphics/g2d/SpriteBatch;FLcom/badlogic/gdx/graphics/OrthographicCamera;)V+216
j  Jogo.desenhaObjetos()V+175
j  Jogo.render()V+58
j  com.badlogic.gdx.backends.lwjgl.LwjglApplication.mainLoop()V+494
j  com.badlogic.gdx.backends.lwjgl.LwjglApplication$1.run()V+27
v  ~StubRoutines::call_stub

siginfo: EXCEPTION_ACCESS_VIOLATION (0xc0000005), reading address 0x00000000feffffff


Register to memory mapping:

RIP=0x00007ffe6403d990 ntdll.dll
RAX=0x00000000006e0016 is an unknown value
RBX=0x000002a08c870000 points into unknown readable memory: 0x0000000000000000 | 00 00 00 00 00 00 00 00
RCX=0x0000000000001678 is an unknown value
RDX=0x0000000000000016 is an unknown value
RSP=0x000000c585cfdb20 is pointing into the stack for thread: 0x000002a0b18f2dd0
RBP=0x000000c585cfde19 is pointing into the stack for thread: 0x000002a0b18f2dd0
RSI=0x000002a0b66c0080 points into unknown readable memory: 0x0000000000000000 | 00 00 00 00 00 00 00 00
RDI=0x000000006e001678 is an unknown value
R8 =0x000002a0b66c0070 points into unknown readable memory: 0x0000000000000000 | 00 00 00 00 00 00 00 00
R9 =0x00000000000054e0 is an unknown value
R10=0x0 is NULL
R11=0x00000000feffffff is an unknown value
R12=0x000002a08c870150 points into unknown readable memory: 0x000002a0b2d46c90 | 90 6c d4 b2 a0 02 00 00
R13=0x000000000000054e is an unknown value
R14=0x000002a0b66c0080 points into unknown readable memory: 0x0000000000000000 | 00 00 00 00 00 00 00 00
R15=0x000002a0b66c0070 points into unknown readable memory: 0x0000000000000000 | 00 00 00 00 00 00 00 00


Registers:
RAX=0x00000000006e0016, RBX=0x000002a08c870000, RCX=0x0000000000001678, RDX=0x0000000000000016
RSP=0x000000c585cfdb20, RBP=0x000000c585cfde19, RSI=0x000002a0b66c0080, RDI=0x000000006e001678
R8 =0x000002a0b66c0070, R9 =0x00000000000054e0, R10=0x0000000000000000, R11=0x00000000feffffff
R12=0x000002a08c870150, R13=0x000000000000054e, R14=0x000002a0b66c0080, R15=0x000002a0b66c0070
RIP=0x00007ffe6403d990, EFLAGS=0x0000000000010212

Top of Stack: (sp=0x000000c585cfdb20)
0x000000c585cfdb20:   000000c585cfdc90 0000000000000000
0x000000c585cfdb30:   0000000200000100 000000ae000000ae
0x000000c585cfdb40:   0000000000000057 00000000020800ae
0x000000c585cfdb50:   000000c585cfdc01 000000000000054e
0x000000c585cfdb60:   0000000000000000 0000000000000000
0x000000c585cfdb70:   0000000000000000 0000000000000001
0x000000c585cfdb80:   0000000000000000 0000000000000000
0x000000c585cfdb90:   000000070102f908 000000ae00000000
0x000000c585cfdba0:   000000c500000001 0000000000000000
0x000000c585cfdbb0:   00000000feffffff 000000c585cfdc00
0x000000c585cfdbc0:   000002a0b66c0070 0000a70295d7e1f3
0x000000c585cfdbd0:   00007ffe6412c238 000000c585cfdf70
0x000000c585cfdbe0:   0000000000000000 00000000000000b8
0x000000c585cfdbf0:   0000000000000000 00000000000003ff
0x000000c585cfdc00:   0000000000000000 00007ffe6402b238
0x000000c585cfdc10:   0000000000000000 000002a08c870150 

Instructions: (pc=0x00007ffe6403d990)
0x00007ffe6403d890:   d2 74 2b 84 d2 74 10 0f b6 c1 48 8d 0d 6f 77 0f
0x00007ffe6403d8a0:   00 0f b6 0c 08 eb 48 48 c1 e9 08 0f b6 c1 48 8d
0x00007ffe6403d8b0:   0d 5b 77 0f 00 0f b6 0c 08 83 c1 08 eb 31 f7 c2
0x00007ffe6403d8c0:   00 00 ff 00 74 17 48 c1 e9 10 0f b6 c1 48 8d 0d
0x00007ffe6403d8d0:   3c 77 0f 00 0f b6 0c 08 83 c1 10 eb 12 48 c1 e9
0x00007ffe6403d8e0:   18 48 8d 05 28 77 0f 00 0f b6 0c 01 83 c1 18 c1
0x00007ffe6403d8f0:   e7 05 03 f9 89 7c 24 68 45 39 77 0c 74 02 03 ff
0x00007ffe6403d900:   49 8b 47 30 4c 8b 34 f8 4d 85 f6 0f 84 3c 15 00
0x00007ffe6403d910:   00 4c 39 b4 24 f8 00 00 00 0f 84 c6 02 00 00 4d
0x00007ffe6403d920:   8d 7e f0 4c 89 bc 24 a0 00 00 00 83 7b 7c 00 74
0x00007ffe6403d930:   2e 8b 93 88 00 00 00 41 33 57 08 41 89 57 08 8b
0x00007ffe6403d940:   ca c1 e9 10 8b c2 c1 e8 08 32 c8 32 ca c1 ea 18
0x00007ffe6403d950:   3a d1 74 0b 49 8b d7 48 8b cb e8 55 a2 0d 00 41
0x00007ffe6403d960:   0f b7 4f 08 0f b7 d1 66 c1 ea 08 4c 8b 6c 24 38
0x00007ffe6403d970:   49 3b cd 0f 82 4d 02 00 00 4d 8b 16 4c 89 94 24
0x00007ffe6403d980:   e0 00 00 00 4d 8b 5f 18 4c 89 9c 24 90 00 00 00
0x00007ffe6403d990:   49 8b 03 4d 8b 4a 08 49 3b c1 0f 85 03 02 00 00
0x00007ffe6403d9a0:   49 3b c6 0f 85 fa 01 00 00 48 29 8b c0 00 00 00
0x00007ffe6403d9b0:   48 8b bb 38 01 00 00 48 85 ff 0f 84 28 01 00 00
0x00007ffe6403d9c0:   45 0f b7 6f 08 8b 4f 08 4c 3b e9 73 0d 4c 89 ac
0x00007ffe6403d9d0:   24 08 01 00 00 41 8b cd eb 18 48 8b 07 48 85 c0
0x00007ffe6403d9e0:   0f 85 b5 01 00 00 ff c9 8b c1 48 89 84 24 08 01
0x00007ffe6403d9f0:   00 00 4c 89 6c 24 60 44 8b e1 44 2b 67 18 47 8d
0x00007ffe6403da00:   0c 24 83 7f 0c 00 45 0f 44 cc 4c 89 4c 24 70 48
0x00007ffe6403da10:   8b 47 30 4e 8d 04 c8 49 8b 10 ff 4f 10 8b 47 08
0x00007ffe6403da20:   8d 70 ff 3b ce 75 03 ff 4f 14 49 3b d6 0f 85 b0
0x00007ffe6403da30:   00 00 00 89 84 24 98 00 00 00 48 83 3f 00 0f 44
0x00007ffe6403da40:   c6 89 84 24 98 00 00 00 4d 8b 36 48 8b 57 20 3b
0x00007ffe6403da50:   c8 0f 83 06 01 00 00 4c 3b f2 0f 84 cf 00 00 00
0x00007ffe6403da60:   4d 8d 46 f0 41 8b 70 08 89 b4 24 c8 01 00 00 83
0x00007ffe6403da70:   7b 7c 00 74 56 8b 83 88 00 00 00 33 c6 8b f0 89
0x00007ffe6403da80:   84 24 c8 01 00 00 8b c8 c1 e9 10 c1 e8 08 32 c8 


Stack slot to memory mapping:
stack at sp + 0 slots: 0x000000c585cfdc90 is pointing into the stack for thread: 0x000002a0b18f2dd0
stack at sp + 1 slots: 0x0 is NULL
stack at sp + 2 slots: 0x0000000200000100 is an unknown value
stack at sp + 3 slots: 0x000000ae000000ae is an unknown value
stack at sp + 4 slots: 0x0000000000000057 is an unknown value
stack at sp + 5 slots: 0x00000000020800ae is an unknown value
stack at sp + 6 slots: 0x000000c585cfdc01 is pointing into the stack for thread: 0x000002a0b18f2dd0
stack at sp + 7 slots: 0x000000000000054e is an unknown value


---------------  P R O C E S S  ---------------

Threads class SMR info:
_java_thread_list=0x000002a0b59ea8e0, length=14, elements={
0x000002a0b0c47300, 0x000002a0b0c480d0, 0x000002a0b0c52b10, 0x000002a0b0c53620,
0x000002a0b0c55f40, 0x000002a0b0c56850, 0x000002a0b0c57540, 0x000002a0b0c57f40,
0x000002a0b0c7e9f0, 0x000002a0b18f2330, 0x000002a0b18f2880, 0x000002a0b18f2dd0,
0x000002a0b18f1890, 0x000002a0b18f3870
}

Java Threads: ( => current thread )
  0x000002a0b0c47300 JavaThread "Reference Handler" daemon [_thread_blocked, id=15764, stack(0x000000c584e00000,0x000000c584f00000)]
  0x000002a0b0c480d0 JavaThread "Finalizer" daemon [_thread_blocked, id=7868, stack(0x000000c584f00000,0x000000c585000000)]
  0x000002a0b0c52b10 JavaThread "Signal Dispatcher" daemon [_thread_blocked, id=11236, stack(0x000000c585000000,0x000000c585100000)]
  0x000002a0b0c53620 JavaThread "Attach Listener" daemon [_thread_blocked, id=8184, stack(0x000000c585100000,0x000000c585200000)]
  0x000002a0b0c55f40 JavaThread "Service Thread" daemon [_thread_blocked, id=14020, stack(0x000000c585200000,0x000000c585300000)]
  0x000002a0b0c56850 JavaThread "Monitor Deflation Thread" daemon [_thread_blocked, id=7648, stack(0x000000c585300000,0x000000c585400000)]
  0x000002a0b0c57540 JavaThread "C2 CompilerThread0" daemon [_thread_blocked, id=12428, stack(0x000000c585400000,0x000000c585500000)]
  0x000002a0b0c57f40 JavaThread "C1 CompilerThread0" daemon [_thread_blocked, id=15772, stack(0x000000c585500000,0x000000c585600000)]
  0x000002a0b0c7e9f0 JavaThread "Sweeper thread" daemon [_thread_blocked, id=6320, stack(0x000000c585600000,0x000000c585700000)]
  0x000002a0b18f2330 JavaThread "Notification Thread" daemon [_thread_blocked, id=13112, stack(0x000000c585700000,0x000000c585800000)]
  0x000002a0b18f2880 JavaThread "Common-Cleaner" daemon [_thread_blocked, id=16032, stack(0x000000c585900000,0x000000c585a00000)]
=>0x000002a0b18f2dd0 JavaThread "LWJGL Application" [_thread_in_native, id=4568, stack(0x000000c585c00000,0x000000c585d00000)]
  0x000002a0b18f1890 JavaThread "DestroyJavaVM" [_thread_blocked, id=16200, stack(0x000000c584700000,0x000000c584800000)]
  0x000002a0b18f3870 JavaThread "LWJGL Timer" daemon [_thread_blocked, id=5056, stack(0x000000c586100000,0x000000c586200000)]

Other Threads:
  0x000002a0b0c427a0 VMThread "VM Thread" [stack: 0x000000c584d00000,0x000000c584e00000] [id=6088]
  0x000002a0b1919350 WatcherThread [stack: 0x000000c585800000,0x000000c585900000] [id=11492]
  0x000002a08e8c74e0 GCTaskThread "GC Thread#0" [stack: 0x000000c584800000,0x000000c584900000] [id=10976]
  0x000002a0b5af52a0 GCTaskThread "GC Thread#1" [stack: 0x000000c586300000,0x000000c586400000] [id=3676]
  0x000002a0b5c936f0 GCTaskThread "GC Thread#2" [stack: 0x000000c586400000,0x000000c586500000] [id=6956]
  0x000002a0b5c92dc0 GCTaskThread "GC Thread#3" [stack: 0x000000c586500000,0x000000c586600000] [id=15236]
  0x000002a08e8dabf0 ConcurrentGCThread "G1 Main Marker" [stack: 0x000000c584900000,0x000000c584a00000] [id=10356]
  0x000002a08e8dc980 ConcurrentGCThread "G1 Conc#0" [stack: 0x000000c584a00000,0x000000c584b00000] [id=1448]
  0x000002a0b0af84e0 ConcurrentGCThread "G1 Refine#0" [stack: 0x000000c584b00000,0x000000c584c00000] [id=12780]
  0x000002a0b0af8e70 ConcurrentGCThread "G1 Service" [stack: 0x000000c584c00000,0x000000c584d00000] [id=6156]

Threads with active compile tasks:

VM state: not at safepoint (normal execution)

VM Mutex/Monitor currently owned by a thread: None

Heap address: 0x0000000701000000, size: 4080 MB, Compressed Oops mode: Zero based, Oop shift amount: 3

CDS archive(s) mapped at: [0x0000000800000000-0x0000000800bb0000-0x0000000800bb0000), size 12255232, SharedBaseAddress: 0x0000000800000000, ArchiveRelocationMode: 0.
Compressed class space mapped at: 0x0000000800c00000-0x0000000840c00000, reserved size: 1073741824
Narrow klass base: 0x0000000800000000, Narrow klass shift: 3, Narrow klass range: 0x100000000

GC Precious Log:
 CPUs: 4 total, 4 available
 Memory: 16312M
 Large Page Support: Disabled
 NUMA Support: Disabled
 Compressed Oops: Enabled (Zero based)
 Heap Region Size: 2M
 Heap Min Capacity: 8M
 Heap Initial Capacity: 256M
 Heap Max Capacity: 4080M
 Pre-touch: Disabled
 Parallel Workers: 4
 Concurrent Workers: 1
 Concurrent Refinement Workers: 4
 Periodic GC: Disabled

Heap:
 garbage-first heap   total 262144K, used 132895K [0x0000000701000000, 0x0000000800000000)
  region size 2048K, 66 young (135168K), 1 survivors (2048K)
 Metaspace       used 4233K, committed 4416K, reserved 1056768K
  class space    used 254K, committed 320K, reserved 1048576K

Heap Regions: E=young(eden), S=young(survivor), O=old, HS=humongous(starts), HC=humongous(continues), CS=collection set, F=free, OA=open archive, CA=closed archive, TAMS=top-at-mark-start (previous, next)
|   0|0x0000000701000000, 0x0000000701183c00, 0x0000000701200000| 75%| O|  |TAMS 0x0000000701000000, 0x0000000701000000| Untracked 
|   1|0x0000000701200000, 0x0000000701200000, 0x0000000701400000|  0%| F|  |TAMS 0x0000000701200000, 0x0000000701200000| Untracked 
|   2|0x0000000701400000, 0x0000000701400000, 0x0000000701600000|  0%| F|  |TAMS 0x0000000701400000, 0x0000000701400000| Untracked 
|   3|0x0000000701600000, 0x0000000701600000, 0x0000000701800000|  0%| F|  |TAMS 0x0000000701600000, 0x0000000701600000| Untracked 
|   4|0x0000000701800000, 0x0000000701800000, 0x0000000701a00000|  0%| F|  |TAMS 0x0000000701800000, 0x0000000701800000| Untracked 
|   5|0x0000000701a00000, 0x0000000701a00000, 0x0000000701c00000|  0%| F|  |TAMS 0x0000000701a00000, 0x0000000701a00000| Untracked 
|   6|0x0000000701c00000, 0x0000000701c00000, 0x0000000701e00000|  0%| F|  |TAMS 0x0000000701c00000, 0x0000000701c00000| Untracked 
|   7|0x0000000701e00000, 0x0000000701e00000, 0x0000000702000000|  0%| F|  |TAMS 0x0000000701e00000, 0x0000000701e00000| Untracked 
|   8|0x0000000702000000, 0x0000000702000000, 0x0000000702200000|  0%| F|  |TAMS 0x0000000702000000, 0x0000000702000000| Untracked 
|   9|0x0000000702200000, 0x0000000702200000, 0x0000000702400000|  0%| F|  |TAMS 0x0000000702200000, 0x0000000702200000| Untracked 
|  10|0x0000000702400000, 0x0000000702400000, 0x0000000702600000|  0%| F|  |TAMS 0x0000000702400000, 0x0000000702400000| Untracked 
|  11|0x0000000702600000, 0x0000000702600000, 0x0000000702800000|  0%| F|  |TAMS 0x0000000702600000, 0x0000000702600000| Untracked 
|  12|0x0000000702800000, 0x0000000702800000, 0x0000000702a00000|  0%| F|  |TAMS 0x0000000702800000, 0x0000000702800000| Untracked 
|  13|0x0000000702a00000, 0x0000000702a00000, 0x0000000702c00000|  0%| F|  |TAMS 0x0000000702a00000, 0x0000000702a00000| Untracked 
|  14|0x0000000702c00000, 0x0000000702c00000, 0x0000000702e00000|  0%| F|  |TAMS 0x0000000702c00000, 0x0000000702c00000| Untracked 
|  15|0x0000000702e00000, 0x0000000702e00000, 0x0000000703000000|  0%| F|  |TAMS 0x0000000702e00000, 0x0000000702e00000| Untracked 
|  16|0x0000000703000000, 0x0000000703000000, 0x0000000703200000|  0%| F|  |TAMS 0x0000000703000000, 0x0000000703000000| Untracked 
|  17|0x0000000703200000, 0x0000000703200000, 0x0000000703400000|  0%| F|  |TAMS 0x0000000703200000, 0x0000000703200000| Untracked 
|  18|0x0000000703400000, 0x0000000703400000, 0x0000000703600000|  0%| F|  |TAMS 0x0000000703400000, 0x0000000703400000| Untracked 
|  19|0x0000000703600000, 0x0000000703600000, 0x0000000703800000|  0%| F|  |TAMS 0x0000000703600000, 0x0000000703600000| Untracked 
|  20|0x0000000703800000, 0x0000000703800000, 0x0000000703a00000|  0%| F|  |TAMS 0x0000000703800000, 0x0000000703800000| Untracked 
|  21|0x0000000703a00000, 0x0000000703a00000, 0x0000000703c00000|  0%| F|  |TAMS 0x0000000703a00000, 0x0000000703a00000| Untracked 
|  22|0x0000000703c00000, 0x0000000703c00000, 0x0000000703e00000|  0%| F|  |TAMS 0x0000000703c00000, 0x0000000703c00000| Untracked 
|  23|0x0000000703e00000, 0x0000000703e00000, 0x0000000704000000|  0%| F|  |TAMS 0x0000000703e00000, 0x0000000703e00000| Untracked 
|  24|0x0000000704000000, 0x0000000704000000, 0x0000000704200000|  0%| F|  |TAMS 0x0000000704000000, 0x0000000704000000| Untracked 
|  25|0x0000000704200000, 0x0000000704200000, 0x0000000704400000|  0%| F|  |TAMS 0x0000000704200000, 0x0000000704200000| Untracked 
|  26|0x0000000704400000, 0x0000000704400000, 0x0000000704600000|  0%| F|  |TAMS 0x0000000704400000, 0x0000000704400000| Untracked 
|  27|0x0000000704600000, 0x0000000704600000, 0x0000000704800000|  0%| F|  |TAMS 0x0000000704600000, 0x0000000704600000| Untracked 
|  28|0x0000000704800000, 0x0000000704800000, 0x0000000704a00000|  0%| F|  |TAMS 0x0000000704800000, 0x0000000704800000| Untracked 
|  29|0x0000000704a00000, 0x0000000704a00000, 0x0000000704c00000|  0%| F|  |TAMS 0x0000000704a00000, 0x0000000704a00000| Untracked 
|  30|0x0000000704c00000, 0x0000000704c00000, 0x0000000704e00000|  0%| F|  |TAMS 0x0000000704c00000, 0x0000000704c00000| Untracked 
|  31|0x0000000704e00000, 0x0000000704e00000, 0x0000000705000000|  0%| F|  |TAMS 0x0000000704e00000, 0x0000000704e00000| Untracked 
|  32|0x0000000705000000, 0x0000000705000000, 0x0000000705200000|  0%| F|  |TAMS 0x0000000705000000, 0x0000000705000000| Untracked 
|  33|0x0000000705200000, 0x0000000705200000, 0x0000000705400000|  0%| F|  |TAMS 0x0000000705200000, 0x0000000705200000| Untracked 
|  34|0x0000000705400000, 0x0000000705400000, 0x0000000705600000|  0%| F|  |TAMS 0x0000000705400000, 0x0000000705400000| Untracked 
|  35|0x0000000705600000, 0x0000000705600000, 0x0000000705800000|  0%| F|  |TAMS 0x0000000705600000, 0x0000000705600000| Untracked 
|  36|0x0000000705800000, 0x0000000705800000, 0x0000000705a00000|  0%| F|  |TAMS 0x0000000705800000, 0x0000000705800000| Untracked 
|  37|0x0000000705a00000, 0x0000000705a00000, 0x0000000705c00000|  0%| F|  |TAMS 0x0000000705a00000, 0x0000000705a00000| Untracked 
|  38|0x0000000705c00000, 0x0000000705c00000, 0x0000000705e00000|  0%| F|  |TAMS 0x0000000705c00000, 0x0000000705c00000| Untracked 
|  39|0x0000000705e00000, 0x0000000705e00000, 0x0000000706000000|  0%| F|  |TAMS 0x0000000705e00000, 0x0000000705e00000| Untracked 
|  40|0x0000000706000000, 0x0000000706000000, 0x0000000706200000|  0%| F|  |TAMS 0x0000000706000000, 0x0000000706000000| Untracked 
|  41|0x0000000706200000, 0x0000000706200000, 0x0000000706400000|  0%| F|  |TAMS 0x0000000706200000, 0x0000000706200000| Untracked 
|  42|0x0000000706400000, 0x0000000706400000, 0x0000000706600000|  0%| F|  |TAMS 0x0000000706400000, 0x0000000706400000| Untracked 
|  43|0x0000000706600000, 0x0000000706600000, 0x0000000706800000|  0%| F|  |TAMS 0x0000000706600000, 0x0000000706600000| Untracked 
|  44|0x0000000706800000, 0x0000000706800000, 0x0000000706a00000|  0%| F|  |TAMS 0x0000000706800000, 0x0000000706800000| Untracked 
|  45|0x0000000706a00000, 0x0000000706a00000, 0x0000000706c00000|  0%| F|  |TAMS 0x0000000706a00000, 0x0000000706a00000| Untracked 
|  46|0x0000000706c00000, 0x0000000706c00000, 0x0000000706e00000|  0%| F|  |TAMS 0x0000000706c00000, 0x0000000706c00000| Untracked 
|  47|0x0000000706e00000, 0x0000000706e00000, 0x0000000707000000|  0%| F|  |TAMS 0x0000000706e00000, 0x0000000706e00000| Untracked 
|  48|0x0000000707000000, 0x0000000707000000, 0x0000000707200000|  0%| F|  |TAMS 0x0000000707000000, 0x0000000707000000| Untracked 
|  49|0x0000000707200000, 0x0000000707200000, 0x0000000707400000|  0%| F|  |TAMS 0x0000000707200000, 0x0000000707200000| Untracked 
|  50|0x0000000707400000, 0x0000000707400000, 0x0000000707600000|  0%| F|  |TAMS 0x0000000707400000, 0x0000000707400000| Untracked 
|  51|0x0000000707600000, 0x0000000707644080, 0x0000000707800000| 13%| S|CS|TAMS 0x0000000707600000, 0x0000000707600000| Complete 
|  52|0x0000000707800000, 0x0000000707800000, 0x0000000707a00000|  0%| F|  |TAMS 0x0000000707800000, 0x0000000707800000| Untracked 
|  53|0x0000000707a00000, 0x0000000707a00000, 0x0000000707c00000|  0%| F|  |TAMS 0x0000000707a00000, 0x0000000707a00000| Untracked 
|  54|0x0000000707c00000, 0x0000000707c00000, 0x0000000707e00000|  0%| F|  |TAMS 0x0000000707c00000, 0x0000000707c00000| Untracked 
|  55|0x0000000707e00000, 0x0000000707e00000, 0x0000000708000000|  0%| F|  |TAMS 0x0000000707e00000, 0x0000000707e00000| Untracked 
|  56|0x0000000708000000, 0x0000000708000000, 0x0000000708200000|  0%| F|  |TAMS 0x0000000708000000, 0x0000000708000000| Untracked 
|  57|0x0000000708200000, 0x0000000708200000, 0x0000000708400000|  0%| F|  |TAMS 0x0000000708200000, 0x0000000708200000| Untracked 
|  58|0x0000000708400000, 0x0000000708400000, 0x0000000708600000|  0%| F|  |TAMS 0x0000000708400000, 0x0000000708400000| Untracked 
|  59|0x0000000708600000, 0x0000000708600000, 0x0000000708800000|  0%| F|  |TAMS 0x0000000708600000, 0x0000000708600000| Untracked 
|  60|0x0000000708800000, 0x0000000708800000, 0x0000000708a00000|  0%| F|  |TAMS 0x0000000708800000, 0x0000000708800000| Untracked 
|  61|0x0000000708a00000, 0x0000000708a00000, 0x0000000708c00000|  0%| F|  |TAMS 0x0000000708a00000, 0x0000000708a00000| Untracked 
|  62|0x0000000708c00000, 0x0000000708c00000, 0x0000000708e00000|  0%| F|  |TAMS 0x0000000708c00000, 0x0000000708c00000| Untracked 
|  63|0x0000000708e00000, 0x0000000708f00800, 0x0000000709000000| 50%| E|  |TAMS 0x0000000708e00000, 0x0000000708e00000| Complete 
|  64|0x0000000709000000, 0x0000000709200000, 0x0000000709200000|100%| E|CS|TAMS 0x0000000709000000, 0x0000000709000000| Complete 
|  65|0x0000000709200000, 0x0000000709400000, 0x0000000709400000|100%| E|CS|TAMS 0x0000000709200000, 0x0000000709200000| Complete 
|  66|0x0000000709400000, 0x0000000709600000, 0x0000000709600000|100%| E|CS|TAMS 0x0000000709400000, 0x0000000709400000| Complete 
|  67|0x0000000709600000, 0x0000000709800000, 0x0000000709800000|100%| E|CS|TAMS 0x0000000709600000, 0x0000000709600000| Complete 
|  68|0x0000000709800000, 0x0000000709a00000, 0x0000000709a00000|100%| E|CS|TAMS 0x0000000709800000, 0x0000000709800000| Complete 
|  69|0x0000000709a00000, 0x0000000709c00000, 0x0000000709c00000|100%| E|CS|TAMS 0x0000000709a00000, 0x0000000709a00000| Complete 
|  70|0x0000000709c00000, 0x0000000709e00000, 0x0000000709e00000|100%| E|CS|TAMS 0x0000000709c00000, 0x0000000709c00000| Complete 
|  71|0x0000000709e00000, 0x000000070a000000, 0x000000070a000000|100%| E|CS|TAMS 0x0000000709e00000, 0x0000000709e00000| Complete 
|  72|0x000000070a000000, 0x000000070a200000, 0x000000070a200000|100%| E|CS|TAMS 0x000000070a000000, 0x000000070a000000| Complete 
|  73|0x000000070a200000, 0x000000070a400000, 0x000000070a400000|100%| E|CS|TAMS 0x000000070a200000, 0x000000070a200000| Complete 
|  74|0x000000070a400000, 0x000000070a600000, 0x000000070a600000|100%| E|CS|TAMS 0x000000070a400000, 0x000000070a400000| Complete 
|  75|0x000000070a600000, 0x000000070a800000, 0x000000070a800000|100%| E|CS|TAMS 0x000000070a600000, 0x000000070a600000| Complete 
|  76|0x000000070a800000, 0x000000070aa00000, 0x000000070aa00000|100%| E|CS|TAMS 0x000000070a800000, 0x000000070a800000| Complete 
|  77|0x000000070aa00000, 0x000000070ac00000, 0x000000070ac00000|100%| E|CS|TAMS 0x000000070aa00000, 0x000000070aa00000| Complete 
|  78|0x000000070ac00000, 0x000000070ae00000, 0x000000070ae00000|100%| E|CS|TAMS 0x000000070ac00000, 0x000000070ac00000| Complete 
|  79|0x000000070ae00000, 0x000000070b000000, 0x000000070b000000|100%| E|CS|TAMS 0x000000070ae00000, 0x000000070ae00000| Complete 
|  80|0x000000070b000000, 0x000000070b200000, 0x000000070b200000|100%| E|CS|TAMS 0x000000070b000000, 0x000000070b000000| Complete 
|  81|0x000000070b200000, 0x000000070b400000, 0x000000070b400000|100%| E|CS|TAMS 0x000000070b200000, 0x000000070b200000| Complete 
|  82|0x000000070b400000, 0x000000070b600000, 0x000000070b600000|100%| E|CS|TAMS 0x000000070b400000, 0x000000070b400000| Complete 
|  83|0x000000070b600000, 0x000000070b800000, 0x000000070b800000|100%| E|CS|TAMS 0x000000070b600000, 0x000000070b600000| Complete 
|  84|0x000000070b800000, 0x000000070ba00000, 0x000000070ba00000|100%| E|CS|TAMS 0x000000070b800000, 0x000000070b800000| Complete 
|  85|0x000000070ba00000, 0x000000070bc00000, 0x000000070bc00000|100%| E|CS|TAMS 0x000000070ba00000, 0x000000070ba00000| Complete 
|  86|0x000000070bc00000, 0x000000070be00000, 0x000000070be00000|100%| E|CS|TAMS 0x000000070bc00000, 0x000000070bc00000| Complete 
|  87|0x000000070be00000, 0x000000070c000000, 0x000000070c000000|100%| E|CS|TAMS 0x000000070be00000, 0x000000070be00000| Complete 
|  88|0x000000070c000000, 0x000000070c200000, 0x000000070c200000|100%| E|CS|TAMS 0x000000070c000000, 0x000000070c000000| Complete 
|  89|0x000000070c200000, 0x000000070c400000, 0x000000070c400000|100%| E|CS|TAMS 0x000000070c200000, 0x000000070c200000| Complete 
|  90|0x000000070c400000, 0x000000070c600000, 0x000000070c600000|100%| E|CS|TAMS 0x000000070c400000, 0x000000070c400000| Complete 
|  91|0x000000070c600000, 0x000000070c800000, 0x000000070c800000|100%| E|CS|TAMS 0x000000070c600000, 0x000000070c600000| Complete 
|  92|0x000000070c800000, 0x000000070ca00000, 0x000000070ca00000|100%| E|CS|TAMS 0x000000070c800000, 0x000000070c800000| Complete 
|  93|0x000000070ca00000, 0x000000070cc00000, 0x000000070cc00000|100%| E|CS|TAMS 0x000000070ca00000, 0x000000070ca00000| Complete 
|  94|0x000000070cc00000, 0x000000070ce00000, 0x000000070ce00000|100%| E|CS|TAMS 0x000000070cc00000, 0x000000070cc00000| Complete 
|  95|0x000000070ce00000, 0x000000070d000000, 0x000000070d000000|100%| E|CS|TAMS 0x000000070ce00000, 0x000000070ce00000| Complete 
|  96|0x000000070d000000, 0x000000070d200000, 0x000000070d200000|100%| E|CS|TAMS 0x000000070d000000, 0x000000070d000000| Complete 
|  97|0x000000070d200000, 0x000000070d400000, 0x000000070d400000|100%| E|CS|TAMS 0x000000070d200000, 0x000000070d200000| Complete 
|  98|0x000000070d400000, 0x000000070d600000, 0x000000070d600000|100%| E|CS|TAMS 0x000000070d400000, 0x000000070d400000| Complete 
|  99|0x000000070d600000, 0x000000070d800000, 0x000000070d800000|100%| E|CS|TAMS 0x000000070d600000, 0x000000070d600000| Complete 
| 100|0x000000070d800000, 0x000000070da00000, 0x000000070da00000|100%| E|CS|TAMS 0x000000070d800000, 0x000000070d800000| Complete 
| 101|0x000000070da00000, 0x000000070dc00000, 0x000000070dc00000|100%| E|CS|TAMS 0x000000070da00000, 0x000000070da00000| Complete 
| 102|0x000000070dc00000, 0x000000070de00000, 0x000000070de00000|100%| E|CS|TAMS 0x000000070dc00000, 0x000000070dc00000| Complete 
| 103|0x000000070de00000, 0x000000070e000000, 0x000000070e000000|100%| E|CS|TAMS 0x000000070de00000, 0x000000070de00000| Complete 
| 104|0x000000070e000000, 0x000000070e200000, 0x000000070e200000|100%| E|CS|TAMS 0x000000070e000000, 0x000000070e000000| Complete 
| 105|0x000000070e200000, 0x000000070e400000, 0x000000070e400000|100%| E|CS|TAMS 0x000000070e200000, 0x000000070e200000| Complete 
| 106|0x000000070e400000, 0x000000070e600000, 0x000000070e600000|100%| E|CS|TAMS 0x000000070e400000, 0x000000070e400000| Complete 
| 107|0x000000070e600000, 0x000000070e800000, 0x000000070e800000|100%| E|CS|TAMS 0x000000070e600000, 0x000000070e600000| Complete 
| 108|0x000000070e800000, 0x000000070ea00000, 0x000000070ea00000|100%| E|CS|TAMS 0x000000070e800000, 0x000000070e800000| Complete 
| 109|0x000000070ea00000, 0x000000070ec00000, 0x000000070ec00000|100%| E|CS|TAMS 0x000000070ea00000, 0x000000070ea00000| Complete 
| 110|0x000000070ec00000, 0x000000070ee00000, 0x000000070ee00000|100%| E|CS|TAMS 0x000000070ec00000, 0x000000070ec00000| Complete 
| 111|0x000000070ee00000, 0x000000070f000000, 0x000000070f000000|100%| E|CS|TAMS 0x000000070ee00000, 0x000000070ee00000| Complete 
| 112|0x000000070f000000, 0x000000070f200000, 0x000000070f200000|100%| E|CS|TAMS 0x000000070f000000, 0x000000070f000000| Complete 
| 113|0x000000070f200000, 0x000000070f400000, 0x000000070f400000|100%| E|CS|TAMS 0x000000070f200000, 0x000000070f200000| Complete 
| 114|0x000000070f400000, 0x000000070f600000, 0x000000070f600000|100%| E|CS|TAMS 0x000000070f400000, 0x000000070f400000| Complete 
| 115|0x000000070f600000, 0x000000070f800000, 0x000000070f800000|100%| E|CS|TAMS 0x000000070f600000, 0x000000070f600000| Complete 
| 116|0x000000070f800000, 0x000000070fa00000, 0x000000070fa00000|100%| E|CS|TAMS 0x000000070f800000, 0x000000070f800000| Complete 
| 117|0x000000070fa00000, 0x000000070fc00000, 0x000000070fc00000|100%| E|CS|TAMS 0x000000070fa00000, 0x000000070fa00000| Complete 
| 118|0x000000070fc00000, 0x000000070fe00000, 0x000000070fe00000|100%| E|CS|TAMS 0x000000070fc00000, 0x000000070fc00000| Complete 
| 119|0x000000070fe00000, 0x0000000710000000, 0x0000000710000000|100%| E|CS|TAMS 0x000000070fe00000, 0x000000070fe00000| Complete 
| 120|0x0000000710000000, 0x0000000710200000, 0x0000000710200000|100%| E|CS|TAMS 0x0000000710000000, 0x0000000710000000| Complete 
| 121|0x0000000710200000, 0x0000000710400000, 0x0000000710400000|100%| E|CS|TAMS 0x0000000710200000, 0x0000000710200000| Complete 
| 122|0x0000000710400000, 0x0000000710600000, 0x0000000710600000|100%| E|CS|TAMS 0x0000000710400000, 0x0000000710400000| Complete 
| 123|0x0000000710600000, 0x0000000710800000, 0x0000000710800000|100%| E|CS|TAMS 0x0000000710600000, 0x0000000710600000| Complete 
| 124|0x0000000710800000, 0x0000000710a00000, 0x0000000710a00000|100%| E|CS|TAMS 0x0000000710800000, 0x0000000710800000| Complete 
| 125|0x0000000710a00000, 0x0000000710c00000, 0x0000000710c00000|100%| E|CS|TAMS 0x0000000710a00000, 0x0000000710a00000| Complete 
| 126|0x0000000710c00000, 0x0000000710e00000, 0x0000000710e00000|100%| E|CS|TAMS 0x0000000710c00000, 0x0000000710c00000| Complete 
| 127|0x0000000710e00000, 0x0000000711000000, 0x0000000711000000|100%| E|CS|TAMS 0x0000000710e00000, 0x0000000710e00000| Complete 

Card table byte_map: [0x000002a0a5800000,0x000002a0a6000000] _byte_map_base: 0x000002a0a1ff8000

Marking Bits (Prev, Next): (CMBitMap*) 0x000002a08e8c9b00, (CMBitMap*) 0x000002a08e8c9b40
 Prev Bits: [0x000002a0a6800000, 0x000002a0aa7c0000)
 Next Bits: [0x000002a0aa7c0000, 0x000002a0ae780000)

Polling page: 0x000002a08e060000

Metaspace:

Usage:
  Non-class:      3.89 MB used.
      Class:    254.68 KB used.
       Both:      4.13 MB used.

Virtual space:
  Non-class space:        8.00 MB reserved,       4.00 MB ( 50%) committed,  1 nodes.
      Class space:        1.00 GB reserved,     320.00 KB ( <1%) committed,  1 nodes.
              Both:        1.01 GB reserved,       4.31 MB ( <1%) committed. 

Chunk freelists:
   Non-Class:  1.80 MB
       Class:  3.59 MB
        Both:  5.39 MB

MaxMetaspaceSize: 17179869184.00 GB
CompressedClassSpaceSize: 1.00 GB
 - commit_granule_bytes: 65536.
 - commit_granule_words: 8192.
 - virtual_space_node_default_size: 1048576.
 - enlarge_chunks_in_place: 1.
 - new_chunks_are_fully_committed: 0.
 - uncommit_free_chunks: 1.
 - use_allocation_guard: 0.
 - handle_deallocations: 1.


Internal statistics:

num_allocs_failed_limit: 0.
num_arena_births: 16.
num_arena_deaths: 0.
num_vsnodes_births: 2.
num_vsnodes_deaths: 0.
num_space_committed: 67.
num_space_uncommitted: 0.
num_chunks_returned_to_freelist: 0.
num_chunks_taken_from_freelist: 103.
num_chunk_merges: 0.
num_chunk_splits: 75.
num_chunks_enlarged: 67.
num_purges: 0.

CodeHeap 'non-profiled nmethods': size=120000Kb used=822Kb max_used=822Kb free=119177Kb
 bounds [0x000002a09dad0000, 0x000002a09dd40000, 0x000002a0a5000000]
CodeHeap 'profiled nmethods': size=120000Kb used=2826Kb max_used=2826Kb free=117174Kb
 bounds [0x000002a0965a0000, 0x000002a096870000, 0x000002a09dad0000]
CodeHeap 'non-nmethods': size=5760Kb used=1232Kb max_used=1294Kb free=4527Kb
 bounds [0x000002a096000000, 0x000002a096270000, 0x000002a0965a0000]
 total_blobs=1921 nmethods=1381 adapters=453
 compilation: enabled
              stopped_count=0, restarted_count=0
 full_count=0

Compilation events (20 events):
Event: 5.165 Thread 0x000002a0b0c57540 1374       4       java.nio.DirectByteBuffer::asFloatBuffer (179 bytes)
Event: 5.170 Thread 0x000002a0b0c57540 nmethod 1374 0x000002a09db9c590 code [0x000002a09db9c720, 0x000002a09db9cbb8]
Event: 5.170 Thread 0x000002a0b0c57540 1375       4       java.nio.DirectFloatBufferU::<init> (51 bytes)
Event: 5.173 Thread 0x000002a0b0c57540 nmethod 1375 0x000002a09db9cf90 code [0x000002a09db9d120, 0x000002a09db9d5d8]
Event: 5.179 Thread 0x000002a0b0c57f40 1376       3       com.badlogic.gdx.graphics.Texture::<init> (76 bytes)
Event: 5.179 Thread 0x000002a0b0c57f40 nmethod 1376 0x000002a09685a790 code [0x000002a09685aa60, 0x000002a09685b5b8]
Event: 5.179 Thread 0x000002a0b0c57f40 1377       3       com.badlogic.gdx.files.FileHandle::name (8 bytes)
Event: 5.179 Thread 0x000002a0b0c57f40 nmethod 1377 0x000002a09685b990 code [0x000002a09685bb40, 0x000002a09685bca8]
Event: 5.180 Thread 0x000002a0b0c57f40 1378       3       com.badlogic.gdx.graphics.g2d.Gdx2DPixmap::<init> (88 bytes)
Event: 5.180 Thread 0x000002a0b0c57f40 nmethod 1378 0x000002a09685bd90 code [0x000002a09685bf80, 0x000002a09685c478]
Event: 5.180 Thread 0x000002a0b0c57f40 1379       3       com.badlogic.gdx.graphics.glutils.FileTextureData::ensurePot (84 bytes)
Event: 5.180 Thread 0x000002a0b0c57f40 nmethod 1379 0x000002a09685c690 code [0x000002a09685c900, 0x000002a09685d188]
Event: 5.180 Thread 0x000002a0b0c57f40 1380       3       com.badlogic.gdx.graphics.glutils.FileTextureData::consumePixmap (34 bytes)
Event: 5.180 Thread 0x000002a0b0c57f40 nmethod 1380 0x000002a09685d510 code [0x000002a09685d6c0, 0x000002a09685d928]
Event: 5.180 Thread 0x000002a0b0c57f40 1381       3       com.badlogic.gdx.graphics.Texture::uploadImageData (275 bytes)
Event: 5.182 Thread 0x000002a0b0c57f40 nmethod 1381 0x000002a09685da10 code [0x000002a09685df00, 0x000002a0968603a8]
Event: 5.185 Thread 0x000002a0b0c57f40 1382       3       java.lang.Throwable::<init> (34 bytes)
Event: 5.186 Thread 0x000002a0b0c57f40 nmethod 1382 0x000002a096861290 code [0x000002a096861460, 0x000002a096861868]
Event: 5.187 Thread 0x000002a0b0c57f40 1383       3       com.badlogic.gdx.backends.openal.OpenALSound::setup (111 bytes)
Event: 5.187 Thread 0x000002a0b0c57f40 nmethod 1383 0x000002a096861990 code [0x000002a096861bc0, 0x000002a096862498]

GC Heap History (6 events):
Event: 1.113 GC heap before
{Heap before GC invocations=0 (full 0):
 garbage-first heap   total 262144K, used 10240K [0x0000000701000000, 0x0000000800000000)
  region size 2048K, 6 young (12288K), 0 survivors (0K)
 Metaspace       used 3663K, committed 3776K, reserved 1056768K
  class space    used 243K, committed 320K, reserved 1048576K
}
Event: 1.116 GC heap after
{Heap after GC invocations=1 (full 0):
 garbage-first heap   total 262144K, used 1990K [0x0000000701000000, 0x0000000800000000)
  region size 2048K, 1 young (2048K), 1 survivors (2048K)
 Metaspace       used 3663K, committed 3776K, reserved 1056768K
  class space    used 243K, committed 320K, reserved 1048576K
}
Event: 1.315 GC heap before
{Heap before GC invocations=1 (full 0):
 garbage-first heap   total 262144K, used 14278K [0x0000000701000000, 0x0000000800000000)
  region size 2048K, 8 young (16384K), 1 survivors (2048K)
 Metaspace       used 3753K, committed 3904K, reserved 1056768K
  class space    used 243K, committed 320K, reserved 1048576K
}
Event: 1.317 GC heap after
{Heap after GC invocations=2 (full 0):
 garbage-first heap   total 262144K, used 1800K [0x0000000701000000, 0x0000000800000000)
  region size 2048K, 1 young (2048K), 1 survivors (2048K)
 Metaspace       used 3753K, committed 3904K, reserved 1056768K
  class space    used 243K, committed 320K, reserved 1048576K
}
Event: 3.014 GC heap before
{Heap before GC invocations=2 (full 0):
 garbage-first heap   total 262144K, used 153352K [0x0000000701000000, 0x0000000800000000)
  region size 2048K, 76 young (155648K), 1 survivors (2048K)
 Metaspace       used 4088K, committed 4224K, reserved 1056768K
  class space    used 252K, committed 320K, reserved 1048576K
}
Event: 3.015 GC heap after
{Heap after GC invocations=3 (full 0):
 garbage-first heap   total 262144K, used 1823K [0x0000000701000000, 0x0000000800000000)
  region size 2048K, 1 young (2048K), 1 survivors (2048K)
 Metaspace       used 4088K, committed 4224K, reserved 1056768K
  class space    used 252K, committed 320K, reserved 1048576K
}

Deoptimization events (20 events):
Event: 3.479 Thread 0x000002a0b18f2dd0 DEOPT PACKING pc=0x000002a09db8fdb8 sp=0x000000c585cfe570
Event: 3.479 Thread 0x000002a0b18f2dd0 DEOPT UNPACKING pc=0x000002a09604d72e sp=0x000000c585cfe4f8 mode 2
Event: 3.479 Thread 0x000002a0b18f2dd0 Uncommon trap: trap_request=0xffffffde fr.pc=0x000002a09db8fdb8 relative=0x0000000000000118
Event: 3.479 Thread 0x000002a0b18f2dd0 Uncommon trap: reason=class_check action=maybe_recompile pc=0x000002a09db8fdb8 method=jdk.internal.misc.Unsafe.allocateUninitializedArray(Ljava/lang/Class;I)Ljava/lang/Object; @ 51 c2
Event: 3.479 Thread 0x000002a0b18f2dd0 DEOPT PACKING pc=0x000002a09db8fdb8 sp=0x000000c585cfe570
Event: 3.479 Thread 0x000002a0b18f2dd0 DEOPT UNPACKING pc=0x000002a09604d72e sp=0x000000c585cfe4f8 mode 2
Event: 3.479 Thread 0x000002a0b18f2dd0 Uncommon trap: trap_request=0xffffffde fr.pc=0x000002a09db8fdb8 relative=0x0000000000000118
Event: 3.479 Thread 0x000002a0b18f2dd0 Uncommon trap: reason=class_check action=maybe_recompile pc=0x000002a09db8fdb8 method=jdk.internal.misc.Unsafe.allocateUninitializedArray(Ljava/lang/Class;I)Ljava/lang/Object; @ 51 c2
Event: 3.479 Thread 0x000002a0b18f2dd0 DEOPT PACKING pc=0x000002a09db8fdb8 sp=0x000000c585cfe5e0
Event: 3.479 Thread 0x000002a0b18f2dd0 DEOPT UNPACKING pc=0x000002a09604d72e sp=0x000000c585cfe568 mode 2
Event: 3.996 Thread 0x000002a0b18f2dd0 DEOPT PACKING pc=0x000002a096740552 sp=0x000000c585cfe290
Event: 3.996 Thread 0x000002a0b18f2dd0 DEOPT UNPACKING pc=0x000002a09604dece sp=0x000000c585cfd6e0 mode 0
Event: 4.164 Thread 0x000002a0b18f2dd0 DEOPT PACKING pc=0x000002a0967de078 sp=0x000000c585cfeb50
Event: 4.164 Thread 0x000002a0b18f2dd0 DEOPT UNPACKING pc=0x000002a09604dece sp=0x000000c585cfdf80 mode 0
Event: 4.300 Thread 0x000002a0b18f2dd0 Uncommon trap: trap_request=0xffffff45 fr.pc=0x000002a09db75b94 relative=0x0000000000001154
Event: 4.300 Thread 0x000002a0b18f2dd0 Uncommon trap: reason=unstable_if action=reinterpret pc=0x000002a09db75b94 method=javazoom.jl.decoder.Header.read_header(Ljavazoom/jl/decoder/Bitstream;[Ljavazoom/jl/decoder/Crc16;)V @ 265 c2
Event: 4.300 Thread 0x000002a0b18f2dd0 DEOPT PACKING pc=0x000002a09db75b94 sp=0x000000c585cfe870
Event: 4.300 Thread 0x000002a0b18f2dd0 DEOPT UNPACKING pc=0x000002a09604d72e sp=0x000000c585cfe830 mode 2
Event: 4.399 Thread 0x000002a0b18f2dd0 DEOPT PACKING pc=0x000002a0967defd3 sp=0x000000c585cfe760
Event: 4.399 Thread 0x000002a0b18f2dd0 DEOPT UNPACKING pc=0x000002a09604dece sp=0x000000c585cfdc10 mode 0

Classes unloaded (0 events):
No events

Classes redefined (0 events):
No events

Internal exceptions (4 events):
Event: 0.199 Thread 0x000002a08e877760 Exception <a 'java/lang/NoSuchMethodError'{0x0000000710ca4958}: 'java.lang.Object java.lang.invoke.DirectMethodHandle$Holder.invokeInterface(java.lang.Object, java.lang.Object)'> (0x0000000710ca4958) 
thrown [t:\workspace\open\src\hotspot\share\interpreter\linkResolver.cpp, line 790]
Event: 0.200 Thread 0x000002a08e877760 Exception <a 'java/lang/IncompatibleClassChangeError'{0x0000000710ca86d8}: Found class java.lang.Object, but interface was expected> (0x0000000710ca86d8) 
thrown [t:\workspace\open\src\hotspot\share\interpreter\linkResolver.cpp, line 857]
Event: 0.972 Thread 0x000002a0b18f2dd0 Exception <a 'java/lang/NoSuchMethodError'{0x0000000710638890}: 'java.lang.Object java.lang.invoke.DirectMethodHandle$Holder.invokeStatic(java.lang.Object)'> (0x0000000710638890) 
thrown [t:\workspace\open\src\hotspot\share\interpreter\linkResolver.cpp, line 790]
Event: 0.972 Thread 0x000002a0b18f2dd0 Exception <a 'java/lang/NoSuchMethodError'{0x000000071063c288}: 'java.lang.Object java.lang.invoke.DirectMethodHandle$Holder.invokeStaticInit(java.lang.Object)'> (0x000000071063c288) 
thrown [t:\workspace\open\src\hotspot\share\interpreter\linkResolver.cpp, line 790]

Events (20 events):
Event: 1.366 loading class jdk/internal/reflect/UTF8 done
Event: 1.366 loading class jdk/internal/reflect/Label
Event: 1.366 loading class jdk/internal/reflect/Label done
Event: 1.366 loading class jdk/internal/reflect/Label$PatchInfo
Event: 1.366 loading class jdk/internal/reflect/Label$PatchInfo done
Event: 1.366 loading class jdk/internal/reflect/MethodAccessorGenerator$1
Event: 1.366 loading class jdk/internal/reflect/MethodAccessorGenerator$1 done
Event: 1.366 loading class jdk/internal/reflect/ClassDefiner
Event: 1.366 loading class jdk/internal/reflect/ClassDefiner done
Event: 1.366 loading class jdk/internal/reflect/ClassDefiner$1
Event: 1.366 loading class jdk/internal/reflect/ClassDefiner$1 done
Event: 1.367 loading class jdk/internal/reflect/BootstrapConstructorAccessorImpl
Event: 1.367 loading class jdk/internal/reflect/BootstrapConstructorAccessorImpl done
Event: 2.497 Thread 0x000002a0b59519a0 Thread exited: 0x000002a0b59519a0
Event: 3.014 Executing  VM operation: G1CollectForAllocation
Event: 3.015 Executing  VM operation: G1CollectForAllocation done
Event: 4.016 Executing  VM operation: Cleanup
Event: 4.016 Executing  VM operation: Cleanup done
Event: 5.016 Executing  VM operation: Cleanup
Event: 5.016 Executing  VM operation: Cleanup done


Dynamic libraries:
0x00007ff6ac740000 - 0x00007ff6ac750000 	C:\Program Files\Java\jdk-16.0.1\bin\javaw.exe
0x00007ffe64010000 - 0x00007ffe64205000 	C:\WINDOWS\SYSTEM32\ntdll.dll
0x00007ffe62d60000 - 0x00007ffe62e1d000 	C:\WINDOWS\System32\KERNEL32.DLL
0x00007ffe61b50000 - 0x00007ffe61e19000 	C:\WINDOWS\System32\KERNELBASE.dll
0x00007ffe61750000 - 0x00007ffe61850000 	C:\WINDOWS\System32\ucrtbase.dll
0x00007ffe51bd0000 - 0x00007ffe51be9000 	C:\Program Files\Java\jdk-16.0.1\bin\VCRUNTIME140.dll
0x00007ffe50b50000 - 0x00007ffe50b68000 	C:\Program Files\Java\jdk-16.0.1\bin\jli.dll
0x00007ffe62130000 - 0x00007ffe621dc000 	C:\WINDOWS\System32\ADVAPI32.dll
0x00007ffe621e0000 - 0x00007ffe6227e000 	C:\WINDOWS\System32\msvcrt.dll
0x00007ffe63940000 - 0x00007ffe639db000 	C:\WINDOWS\System32\sechost.dll
0x00007ffe63040000 - 0x00007ffe6316a000 	C:\WINDOWS\System32\RPCRT4.dll
0x00007ffe63b80000 - 0x00007ffe63d20000 	C:\WINDOWS\System32\USER32.dll
0x00007ffe62050000 - 0x00007ffe62072000 	C:\WINDOWS\System32\win32u.dll
0x00007ffe63e80000 - 0x00007ffe63eaa000 	C:\WINDOWS\System32\GDI32.dll
0x00007ffe618a0000 - 0x00007ffe619ab000 	C:\WINDOWS\System32\gdi32full.dll
0x00007ffe59610000 - 0x00007ffe598aa000 	C:\WINDOWS\WinSxS\amd64_microsoft.windows.common-controls_6595b64144ccf1df_6.0.19041.1110_none_60b5254171f9507e\COMCTL32.dll
0x00007ffe61fb0000 - 0x00007ffe6204d000 	C:\WINDOWS\System32\msvcp_win.dll
0x00007ffe5f780000 - 0x00007ffe5f78a000 	C:\WINDOWS\SYSTEM32\VERSION.dll
0x00007ffe63a70000 - 0x00007ffe63aa0000 	C:\WINDOWS\System32\IMM32.DLL
0x00007ffe5c550000 - 0x00007ffe5c55c000 	C:\Program Files\Java\jdk-16.0.1\bin\vcruntime140_1.dll
0x00007ffe2fae0000 - 0x00007ffe2fb71000 	C:\Program Files\Java\jdk-16.0.1\bin\msvcp140.dll
0x00007ffe23600000 - 0x00007ffe241ab000 	C:\Program Files\Java\jdk-16.0.1\bin\server\jvm.dll
0x00007ffe62420000 - 0x00007ffe62428000 	C:\WINDOWS\System32\PSAPI.DLL
0x00007ffe5c230000 - 0x00007ffe5c239000 	C:\WINDOWS\SYSTEM32\WSOCK32.dll
0x00007ffe59d90000 - 0x00007ffe59db7000 	C:\WINDOWS\SYSTEM32\WINMM.dll
0x00007ffe62e20000 - 0x00007ffe62e8b000 	C:\WINDOWS\System32\WS2_32.dll
0x00007ffe5f880000 - 0x00007ffe5f892000 	C:\WINDOWS\SYSTEM32\kernel.appcore.dll
0x00007ffe5c360000 - 0x00007ffe5c36a000 	C:\Program Files\Java\jdk-16.0.1\bin\jimage.dll
0x00007ffe5a910000 - 0x00007ffe5aaf4000 	C:\WINDOWS\SYSTEM32\DBGHELP.DLL
0x00007ffe5a680000 - 0x00007ffe5a6ac000 	C:\WINDOWS\SYSTEM32\dbgcore.DLL
0x00007ffe619b0000 - 0x00007ffe61a33000 	C:\WINDOWS\System32\bcryptPrimitives.dll
0x00007ffe4dad0000 - 0x00007ffe4daf5000 	C:\Program Files\Java\jdk-16.0.1\bin\java.dll
0x00007ffe62620000 - 0x00007ffe62d5f000 	C:\WINDOWS\System32\SHELL32.dll
0x00007ffe5f8a0000 - 0x00007ffe60031000 	C:\WINDOWS\SYSTEM32\windows.storage.dll
0x00007ffe63170000 - 0x00007ffe634c5000 	C:\WINDOWS\System32\combase.dll
0x00007ffe61150000 - 0x00007ffe6117c000 	C:\WINDOWS\SYSTEM32\Wldp.dll
0x00007ffe62440000 - 0x00007ffe624ee000 	C:\WINDOWS\System32\SHCORE.dll
0x00007ffe63dc0000 - 0x00007ffe63e15000 	C:\WINDOWS\System32\shlwapi.dll
0x00007ffe61690000 - 0x00007ffe616af000 	C:\WINDOWS\SYSTEM32\profapi.dll
0x00007ffe50b30000 - 0x00007ffe50b49000 	C:\Program Files\Java\jdk-16.0.1\bin\net.dll
0x00007ffe5af80000 - 0x00007ffe5b08a000 	C:\WINDOWS\SYSTEM32\WINHTTP.dll
0x00007ffe60e50000 - 0x00007ffe60eba000 	C:\WINDOWS\system32\mswsock.dll
0x00007ffe4db20000 - 0x00007ffe4db33000 	C:\Program Files\Java\jdk-16.0.1\bin\nio.dll
0x00007ffe4da20000 - 0x00007ffe4da38000 	C:\Program Files\Java\jdk-16.0.1\bin\zip.dll
0x000000006b3c0000 - 0x000000006b44d000 	C:\Users\pires\AppData\Local\Temp\libgdxpires\1242687446\gdx64.dll
0x00007ffe59fa0000 - 0x00007ffe59fb0000 	C:\Program Files\Java\jdk-16.0.1\bin\verify.dll
0x0000000180000000 - 0x0000000180050000 	C:\Users\pires\AppData\Local\Temp\libgdxpires\1242687446\lwjgl64.dll
0x00007ffe2c680000 - 0x00007ffe2c7a5000 	C:\WINDOWS\SYSTEM32\OPENGL32.dll
0x00007ffe51dc0000 - 0x00007ffe51dec000 	C:\WINDOWS\SYSTEM32\GLU32.dll
0x000002a0b0dd0000 - 0x000002a0b0e32000 	C:\Users\pires\AppData\Local\Temp\libgdxpires\1242687446\OpenAL64.dll
0x00007ffe62290000 - 0x00007ffe623ba000 	C:\WINDOWS\System32\ole32.dll
0x00007ffe5f0c0000 - 0x00007ffe5f15e000 	C:\WINDOWS\system32\uxtheme.dll
0x00007ffe62080000 - 0x00007ffe62129000 	C:\WINDOWS\System32\clbcatq.dll
0x00007ffe53980000 - 0x00007ffe53a1c000 	C:\WINDOWS\SYSTEM32\dsound.dll
0x00007ffe614b0000 - 0x00007ffe614fb000 	C:\WINDOWS\SYSTEM32\powrprof.dll
0x00007ffe48f60000 - 0x00007ffe48f86000 	C:\WINDOWS\SYSTEM32\winmmbase.dll
0x00007ffe61490000 - 0x00007ffe614a2000 	C:\WINDOWS\SYSTEM32\UMPDC.dll
0x00007ffe5b9a0000 - 0x00007ffe5ba25000 	C:\WINDOWS\System32\MMDevApi.dll
0x00007ffe61500000 - 0x00007ffe6152c000 	C:\WINDOWS\System32\DEVOBJ.dll
0x00007ffe61850000 - 0x00007ffe6189e000 	C:\WINDOWS\System32\cfgmgr32.dll
0x00007ffe5ba30000 - 0x00007ffe5bbb1000 	C:\WINDOWS\SYSTEM32\AUDIOSES.DLL
0x00007ffe624f0000 - 0x00007ffe625bd000 	C:\WINDOWS\System32\OLEAUT32.dll
0x00007ffe5eed0000 - 0x00007ffe5eee4000 	C:\WINDOWS\SYSTEM32\resourcepolicyclient.dll
0x00007ffe5d1b0000 - 0x00007ffe5d25e000 	C:\WINDOWS\SYSTEM32\mscms.dll
0x00007ffe61650000 - 0x00007ffe6167e000 	C:\WINDOWS\SYSTEM32\USERENV.dll
0x00007ffe5d190000 - 0x00007ffe5d1a1000 	C:\WINDOWS\SYSTEM32\ColorAdapterClient.dll
0x00007ffe63eb0000 - 0x00007ffe63fc5000 	C:\WINDOWS\System32\MSCTF.dll
0x00007ffe58f50000 - 0x00007ffe59049000 	C:\Windows\System32\AppXDeploymentClient.dll
0x0000000066000000 - 0x0000000067e47000 	C:\WINDOWS\SYSTEM32\nvoglv64.DLL
0x00007ffe634d0000 - 0x00007ffe63939000 	C:\WINDOWS\System32\SETUPAPI.dll
0x00007ffe61e20000 - 0x00007ffe61e47000 	C:\WINDOWS\System32\bcrypt.dll
0x00007ffe5cca0000 - 0x00007ffe5ccb4000 	C:\WINDOWS\SYSTEM32\WTSAPI32.dll
0x00007ffe61a40000 - 0x00007ffe61aa0000 	C:\WINDOWS\System32\WINTRUST.dll
0x00007ffe61e50000 - 0x00007ffe61faf000 	C:\WINDOWS\System32\CRYPT32.dll
0x00007ffe612d0000 - 0x00007ffe612e2000 	C:\WINDOWS\System32\MSASN1.dll
0x00007ffe60480000 - 0x00007ffe604b3000 	C:\WINDOWS\SYSTEM32\ntmarta.dll
0x00007ffe60f20000 - 0x00007ffe60f7a000 	C:\WINDOWS\SYSTEM32\WINSTA.dll
0x00007ffe5f2b0000 - 0x00007ffe5f2df000 	C:\WINDOWS\system32\dwmapi.dll
0x00007ffe51f00000 - 0x00007ffe51ff9000 	C:\WINDOWS\SYSTEM32\textinputframework.dll
0x00007ffe5ebc0000 - 0x00007ffe5ecb2000 	C:\WINDOWS\System32\CoreMessaging.dll
0x00007ffe5e860000 - 0x00007ffe5ebbe000 	C:\WINDOWS\System32\CoreUIComponents.dll
0x00007ffe5e450000 - 0x00007ffe5e5a4000 	C:\WINDOWS\SYSTEM32\wintypes.dll
0x00007ffe5cbe0000 - 0x00007ffe5cc46000 	C:\WINDOWS\system32\Oleacc.dll
0x00007ffe4d010000 - 0x00007ffe4d053000 	C:\WINDOWS\SYSTEM32\icm32.dll
0x00007ffe60080000 - 0x00007ffe60174000 	C:\WINDOWS\SYSTEM32\dxgi.dll
0x00007ffe5d380000 - 0x00007ffe5d5e4000 	C:\WINDOWS\SYSTEM32\d3d11.dll
0x00007ffe4e8b0000 - 0x00007ffe4fa6a000 	C:\WINDOWS\SYSTEM32\nvwgf2umx.dll
0x00007ffe4fb70000 - 0x00007ffe4fbab000 	C:\WINDOWS\SYSTEM32\dxcore.dll

dbghelp: loaded successfully - version: 4.0.5 - missing functions: none
symbol engine: initialized successfully - sym options: 0x614 - pdb path: .;C:\Program Files\Java\jdk-16.0.1\bin;C:\WINDOWS\SYSTEM32;C:\WINDOWS\WinSxS\amd64_microsoft.windows.common-controls_6595b64144ccf1df_6.0.19041.1110_none_60b5254171f9507e;C:\Program Files\Java\jdk-16.0.1\bin\server;C:\Users\pires\AppData\Local\Temp\libgdxpires\1242687446

VM Arguments:
jvm_args: -Dfile.encoding=UTF-8 -XX:+ShowCodeDetailsInExceptionMessages 
java_command: Seaquest
java_class_path (initial): C:\Users\pires\eclipse-workspace\TP2 - Seaquest\bin;C:\Users\pires\eclipse-workspace\TP2 - Seaquest\libs\gdx.jar;C:\Users\pires\eclipse-workspace\TP2 - Seaquest\libs\gdx-backend-lwjgl.jar;C:\Users\pires\eclipse-workspace\TP2 - Seaquest\libs\gdx-backend-lwjgl-natives.jar;C:\Users\pires\eclipse-workspace\TP2 - Seaquest\libs\gdx-natives.jar;C:\Users\pires\eclipse-workspace\TP2 - Seaquest\libs\gdx-sources.jar
Launcher Type: SUN_STANDARD

[Global flags]
     intx CICompilerCount                          = 3                                         {product} {ergonomic}
     uint ConcGCThreads                            = 1                                         {product} {ergonomic}
     uint G1ConcRefinementThreads                  = 4                                         {product} {ergonomic}
   size_t G1HeapRegionSize                         = 2097152                                   {product} {ergonomic}
    uintx GCDrainStackTargetSize                   = 64                                        {product} {ergonomic}
   size_t InitialHeapSize                          = 268435456                                 {product} {ergonomic}
   size_t MarkStackSize                            = 4194304                                   {product} {ergonomic}
   size_t MaxHeapSize                              = 4278190080                                {product} {ergonomic}
   size_t MaxNewSize                               = 2566914048                                {product} {ergonomic}
   size_t MinHeapDeltaBytes                        = 2097152                                   {product} {ergonomic}
   size_t MinHeapSize                              = 8388608                                   {product} {ergonomic}
    uintx NonNMethodCodeHeapSize                   = 5832780                                {pd product} {ergonomic}
    uintx NonProfiledCodeHeapSize                  = 122912730                              {pd product} {ergonomic}
    uintx ProfiledCodeHeapSize                     = 122912730                              {pd product} {ergonomic}
    uintx ReservedCodeCacheSize                    = 251658240                              {pd product} {ergonomic}
     bool SegmentedCodeCache                       = true                                      {product} {ergonomic}
     bool ShowCodeDetailsInExceptionMessages       = true                                   {manageable} {command line}
   size_t SoftMaxHeapSize                          = 4278190080                             {manageable} {ergonomic}
     bool UseCompressedClassPointers               = true                           {product lp64_product} {ergonomic}
     bool UseCompressedOops                        = true                           {product lp64_product} {ergonomic}
     bool UseG1GC                                  = true                                      {product} {ergonomic}
     bool UseLargePagesIndividualAllocation        = false                                  {pd product} {ergonomic}

Logging:
Log output configuration:
 #0: stdout all=warning uptime,level,tags
 #1: stderr all=off uptime,level,tags

Environment Variables:
PATH=C:\Program Files\Common Files\Oracle\Java\javapath;C:\Program Files (x86)\Common Files\Oracle\Java\javapath;C:\WINDOWS\system32;C:\WINDOWS;C:\WINDOWS\System32\Wbem;C:\WINDOWS\System32\WindowsPowerShell\v1.0\;C:\WINDOWS\System32\OpenSSH\;C:\Program Files\Git\cmd;C:\Program Files\nodejs\;C:\Users\pires\AppData\Local\Programs\Python\Python38-32\Scripts\;C:\Users\pires\AppData\Local\Programs\Python\Python38-32\;C:\Users\pires\AppData\Local\Microsoft\WindowsApps;C:\Users\pires\AppData\Local\atom\bin;C:\ProgramData\pires\atom\bin;C:\Users\pires\AppData\Local\Programs\Microsoft VS Code\bin;C:\Program Files\JetBrains\PyCharm 2020.2.2\bin;;C:\Users\pires\AppData\Local\GitHubDesktop\bin;C:\Users\pires\AppData\Local\Microsoft\WindowsApps;C:\Users\pires\AppData\Roaming\npm
USERNAME=pires
OS=Windows_NT
PROCESSOR_IDENTIFIER=Intel64 Family 6 Model 45 Stepping 7, GenuineIntel



---------------  S Y S T E M  ---------------

OS:
 Windows 10 , 64 bit Build 19041 (10.0.19041.1023)
OS uptime: 5 days 15:56 hours

CPU: total 4 (initial active 4) (4 cores per cpu, 2 threads per core) family 6 model 45 stepping 7 microcode 0x714, cx8, cmov, fxsr, ht, mmx, sse, sse2, sse3, ssse3, sse4.1, sse4.2, popcnt, tsc, tscinvbit, avx, aes, clmul, vzeroupper, clflush

Memory: 4k page, system-wide physical 16312M (10813M free)
TotalPageFile size 18744M (AvailPageFile size 11726M)
current process WorkingSet (physical memory assigned to process): 310M, peak: 342M
current process commit charge ("private bytes"): 511M, peak: 541M

vm_info: Java HotSpot(TM) 64-Bit Server VM (16.0.1+9-24) for windows-amd64 JRE (16.0.1+9-24), built on Mar 26 2021 19:31:42 by "mach5one" with MS VC++ 16.7 (VS2019)

END.
