#
# A fatal error has been detected by the Java Runtime Environment:
#
#  EXCEPTION_ACCESS_VIOLATION (0xc0000005) at pc=0x00007ffe6403d990, pid=8904, tid=14700
#
# JRE version: Java(TM) SE Runtime Environment (16.0.1+9) (build 16.0.1+9-24)
# Java VM: Java HotSpot(TM) 64-Bit Server VM (16.0.1+9-24, mixed mode, sharing, tiered, compressed oops, compressed class ptrs, g1 gc, windows-amd64)
# Problematic frame:
# C  [ntdll.dll+0x2d990]
#
# No core dump will be written. Minidumps are not enabled by default on client versions of Windows
#
# If you would like to submit a bug report, please visit:
#   https://bugreport.java.com/bugreport/crash.jsp
# The crash happened outside the Java Virtual Machine in native code.
# See problematic frame for where to report the bug.
#

---------------  S U M M A R Y ------------

Command Line: -Dfile.encoding=UTF-8 -XX:+ShowCodeDetailsInExceptionMessages Seaquest

Host: Intel(R) Xeon(R) CPU E5-1620 0 @ 3.60GHz, 4 cores, 15G,  Windows 10 , 64 bit Build 19041 (10.0.19041.1023)
Time: Thu Jul 22 16:11:46 2021 Hora oficial do Brasil elapsed time: 4.329085 seconds (0d 0h 0m 4s)

---------------  T H R E A D  ---------------

Current thread (0x000002dca2ad79b0):  JavaThread "LWJGL Application" [_thread_in_native, id=14700, stack(0x000000f7a4f00000,0x000000f7a5000000)]

Stack: [0x000000f7a4f00000,0x000000f7a5000000],  sp=0x000000f7a4ffdfd0,  free space=1015k
Native frames: (J=compiled Java code, j=interpreted, Vv=VM code, C=native code)
C  [ntdll.dll+0x2d990]
C  [ntdll.dll+0x2b44d]
C  [msvcrt.dll+0x19d40]
C  [msvcrt.dll+0x19dd2]
C  [gdx64.dll+0x3e582]

Java frames: (J=compiled Java code, j=interpreted, Vv=VM code)
j  com.badlogic.gdx.graphics.g2d.Gdx2DPixmap.load([J[BIII)Ljava/nio/ByteBuffer;+0
j  com.badlogic.gdx.graphics.g2d.Gdx2DPixmap.<init>([BIII)V+21
j  com.badlogic.gdx.graphics.Pixmap.<init>(Lcom/badlogic/gdx/files/FileHandle;)V+24
j  com.badlogic.gdx.graphics.glutils.FileTextureData.prepare()V+63
j  com.badlogic.gdx.graphics.Texture.load(Lcom/badlogic/gdx/graphics/TextureData;)V+50
j  com.badlogic.gdx.graphics.Texture.create(Lcom/badlogic/gdx/graphics/TextureData;)V+9
j  com.badlogic.gdx.graphics.Texture.<init>(Lcom/badlogic/gdx/files/FileHandle;Lcom/badlogic/gdx/graphics/Pixmap$Format;Z)V+72
j  com.badlogic.gdx.graphics.Texture.<init>(Lcom/badlogic/gdx/files/FileHandle;Z)V+4
j  com.badlogic.gdx.graphics.g2d.BitmapFont.<init>(Lcom/badlogic/gdx/files/FileHandle;Lcom/badlogic/gdx/files/FileHandle;ZZ)V+20
j  com.badlogic.gdx.graphics.g2d.BitmapFont.<init>()V+23
j  Submarino.anima(Lcom/badlogic/gdx/graphics/g2d/SpriteBatch;FLcom/badlogic/gdx/graphics/OrthographicCamera;)V+216
j  Jogo.desenhaObjetos()V+175
j  Jogo.render()V+58
j  com.badlogic.gdx.backends.lwjgl.LwjglApplication.mainLoop()V+494
j  com.badlogic.gdx.backends.lwjgl.LwjglApplication$1.run()V+27
v  ~StubRoutines::call_stub

siginfo: EXCEPTION_ACCESS_VIOLATION (0xc0000005), reading address 0x00000000feffffff


Register to memory mapping:

RIP=0x00007ffe6403d990 ntdll.dll
RAX=0x00000000006e0016 is an unknown value
RBX=0x000002dcf7a00000 points into unknown readable memory: 0x0000000000000000 | 00 00 00 00 00 00 00 00
RCX=0x0000000000001678 is an unknown value
RDX=0x0000000000000016 is an unknown value
RSP=0x000000f7a4ffdfd0 is pointing into the stack for thread: 0x000002dca2ad79b0
RBP=0x000000f7a4ffe2c9 is pointing into the stack for thread: 0x000002dca2ad79b0
RSI=0x000002dca8580080 points into unknown readable memory: 0x0000000000000000 | 00 00 00 00 00 00 00 00
RDI=0x000000006e001678 is an unknown value
R8 =0x000002dca8580070 points into unknown readable memory: 0x0000000000000000 | 00 00 00 00 00 00 00 00
R9 =0x00000000000054e0 is an unknown value
R10=0x0 is NULL
R11=0x00000000feffffff is an unknown value
R12=0x000002dcf7a00150 points into unknown readable memory: 0x000002dca4bf6c90 | 90 6c bf a4 dc 02 00 00
R13=0x000000000000054e is an unknown value
R14=0x000002dca8580080 points into unknown readable memory: 0x0000000000000000 | 00 00 00 00 00 00 00 00
R15=0x000002dca8580070 points into unknown readable memory: 0x0000000000000000 | 00 00 00 00 00 00 00 00


Registers:
RAX=0x00000000006e0016, RBX=0x000002dcf7a00000, RCX=0x0000000000001678, RDX=0x0000000000000016
RSP=0x000000f7a4ffdfd0, RBP=0x000000f7a4ffe2c9, RSI=0x000002dca8580080, RDI=0x000000006e001678
R8 =0x000002dca8580070, R9 =0x00000000000054e0, R10=0x0000000000000000, R11=0x00000000feffffff
R12=0x000002dcf7a00150, R13=0x000000000000054e, R14=0x000002dca8580080, R15=0x000002dca8580070
RIP=0x00007ffe6403d990, EFLAGS=0x0000000000010212

Top of Stack: (sp=0x000000f7a4ffdfd0)
0x000000f7a4ffdfd0:   0000000200000100 000000ae000000ae
0x000000f7a4ffdfe0:   0000000000000057 00000000020800ae
0x000000f7a4ffdff0:   000000f7a4ffe130 0000000000000000
0x000000f7a4ffe000:   0000000000000001 000000000000054e
0x000000f7a4ffe010:   0000000000000000 0000000000000000
0x000000f7a4ffe020:   0000000000000000 0000000000000001
0x000000f7a4ffe030:   00000007010015e8 000000ae64030000
0x000000f7a4ffe040:   000000f700000104 0000000000000000
0x000000f7a4ffe050:   0000000200000001 000000f7a4ffe0a0
0x000000f7a4ffe060:   00000000feffffff 00002532b1c39ae3
0x000000f7a4ffe070:   000002dca8580070 000000f7a4ffe410
0x000000f7a4ffe080:   0000000000000000 00000000000000b8
0x000000f7a4ffe090:   0000000000000000 0000000000000008
0x000000f7a4ffe0a0:   00000000000000ae 00000000000003ff
0x000000f7a4ffe0b0:   0000000000000000 0000000000000000
0x000000f7a4ffe0c0:   00000007010015e8 000002dcf7a00150 

Instructions: (pc=0x00007ffe6403d990)
0x00007ffe6403d890:   d2 74 2b 84 d2 74 10 0f b6 c1 48 8d 0d 6f 77 0f
0x00007ffe6403d8a0:   00 0f b6 0c 08 eb 48 48 c1 e9 08 0f b6 c1 48 8d
0x00007ffe6403d8b0:   0d 5b 77 0f 00 0f b6 0c 08 83 c1 08 eb 31 f7 c2
0x00007ffe6403d8c0:   00 00 ff 00 74 17 48 c1 e9 10 0f b6 c1 48 8d 0d
0x00007ffe6403d8d0:   3c 77 0f 00 0f b6 0c 08 83 c1 10 eb 12 48 c1 e9
0x00007ffe6403d8e0:   18 48 8d 05 28 77 0f 00 0f b6 0c 01 83 c1 18 c1
0x00007ffe6403d8f0:   e7 05 03 f9 89 7c 24 68 45 39 77 0c 74 02 03 ff
0x00007ffe6403d900:   49 8b 47 30 4c 8b 34 f8 4d 85 f6 0f 84 3c 15 00
0x00007ffe6403d910:   00 4c 39 b4 24 f8 00 00 00 0f 84 c6 02 00 00 4d
0x00007ffe6403d920:   8d 7e f0 4c 89 bc 24 a0 00 00 00 83 7b 7c 00 74
0x00007ffe6403d930:   2e 8b 93 88 00 00 00 41 33 57 08 41 89 57 08 8b
0x00007ffe6403d940:   ca c1 e9 10 8b c2 c1 e8 08 32 c8 32 ca c1 ea 18
0x00007ffe6403d950:   3a d1 74 0b 49 8b d7 48 8b cb e8 55 a2 0d 00 41
0x00007ffe6403d960:   0f b7 4f 08 0f b7 d1 66 c1 ea 08 4c 8b 6c 24 38
0x00007ffe6403d970:   49 3b cd 0f 82 4d 02 00 00 4d 8b 16 4c 89 94 24
0x00007ffe6403d980:   e0 00 00 00 4d 8b 5f 18 4c 89 9c 24 90 00 00 00
0x00007ffe6403d990:   49 8b 03 4d 8b 4a 08 49 3b c1 0f 85 03 02 00 00
0x00007ffe6403d9a0:   49 3b c6 0f 85 fa 01 00 00 48 29 8b c0 00 00 00
0x00007ffe6403d9b0:   48 8b bb 38 01 00 00 48 85 ff 0f 84 28 01 00 00
0x00007ffe6403d9c0:   45 0f b7 6f 08 8b 4f 08 4c 3b e9 73 0d 4c 89 ac
0x00007ffe6403d9d0:   24 08 01 00 00 41 8b cd eb 18 48 8b 07 48 85 c0
0x00007ffe6403d9e0:   0f 85 b5 01 00 00 ff c9 8b c1 48 89 84 24 08 01
0x00007ffe6403d9f0:   00 00 4c 89 6c 24 60 44 8b e1 44 2b 67 18 47 8d
0x00007ffe6403da00:   0c 24 83 7f 0c 00 45 0f 44 cc 4c 89 4c 24 70 48
0x00007ffe6403da10:   8b 47 30 4e 8d 04 c8 49 8b 10 ff 4f 10 8b 47 08
0x00007ffe6403da20:   8d 70 ff 3b ce 75 03 ff 4f 14 49 3b d6 0f 85 b0
0x00007ffe6403da30:   00 00 00 89 84 24 98 00 00 00 48 83 3f 00 0f 44
0x00007ffe6403da40:   c6 89 84 24 98 00 00 00 4d 8b 36 48 8b 57 20 3b
0x00007ffe6403da50:   c8 0f 83 06 01 00 00 4c 3b f2 0f 84 cf 00 00 00
0x00007ffe6403da60:   4d 8d 46 f0 41 8b 70 08 89 b4 24 c8 01 00 00 83
0x00007ffe6403da70:   7b 7c 00 74 56 8b 83 88 00 00 00 33 c6 8b f0 89
0x00007ffe6403da80:   84 24 c8 01 00 00 8b c8 c1 e9 10 c1 e8 08 32 c8 


Stack slot to memory mapping:
stack at sp + 0 slots: 0x0000000200000100 is an unknown value
stack at sp + 1 slots: 0x000000ae000000ae is an unknown value
stack at sp + 2 slots: 0x0000000000000057 is an unknown value
stack at sp + 3 slots: 0x00000000020800ae is an unknown value
stack at sp + 4 slots: 0x000000f7a4ffe130 is pointing into the stack for thread: 0x000002dca2ad79b0
stack at sp + 5 slots: 0x0 is NULL
stack at sp + 6 slots: 0x0000000000000001 is an unknown value
stack at sp + 7 slots: 0x000000000000054e is an unknown value


---------------  P R O C E S S  ---------------

Threads class SMR info:
_java_thread_list=0x000002dca73a7200, length=14, elements={
0x000002dca2ab4c50, 0x000002dca2ab5b10, 0x000002dca2ac07f0, 0x000002dca2ac13f0,
0x000002dca2acde20, 0x000002dca2ad7f00, 0x000002dca2afaaa0, 0x000002dca2afd1b0,
0x000002dca2b0dff0, 0x000002dca2ad6470, 0x000002dca2ad69c0, 0x000002dca2ad79b0,
0x000002dca2ad6f10, 0x000002dca2ad8450
}

Java Threads: ( => current thread )
  0x000002dca2ab4c50 JavaThread "Reference Handler" daemon [_thread_blocked, id=12992, stack(0x000000f7a4100000,0x000000f7a4200000)]
  0x000002dca2ab5b10 JavaThread "Finalizer" daemon [_thread_blocked, id=16172, stack(0x000000f7a4200000,0x000000f7a4300000)]
  0x000002dca2ac07f0 JavaThread "Signal Dispatcher" daemon [_thread_blocked, id=5616, stack(0x000000f7a4300000,0x000000f7a4400000)]
  0x000002dca2ac13f0 JavaThread "Attach Listener" daemon [_thread_blocked, id=13576, stack(0x000000f7a4400000,0x000000f7a4500000)]
  0x000002dca2acde20 JavaThread "Service Thread" daemon [_thread_blocked, id=2008, stack(0x000000f7a4500000,0x000000f7a4600000)]
  0x000002dca2ad7f00 JavaThread "Monitor Deflation Thread" daemon [_thread_blocked, id=5452, stack(0x000000f7a4600000,0x000000f7a4700000)]
  0x000002dca2afaaa0 JavaThread "C2 CompilerThread0" daemon [_thread_blocked, id=12620, stack(0x000000f7a4700000,0x000000f7a4800000)]
  0x000002dca2afd1b0 JavaThread "C1 CompilerThread0" daemon [_thread_blocked, id=9296, stack(0x000000f7a4800000,0x000000f7a4900000)]
  0x000002dca2b0dff0 JavaThread "Sweeper thread" daemon [_thread_blocked, id=1960, stack(0x000000f7a4900000,0x000000f7a4a00000)]
  0x000002dca2ad6470 JavaThread "Notification Thread" daemon [_thread_blocked, id=10844, stack(0x000000f7a4a00000,0x000000f7a4b00000)]
  0x000002dca2ad69c0 JavaThread "Common-Cleaner" daemon [_thread_blocked, id=11424, stack(0x000000f7a4c00000,0x000000f7a4d00000)]
=>0x000002dca2ad79b0 JavaThread "LWJGL Application" [_thread_in_native, id=14700, stack(0x000000f7a4f00000,0x000000f7a5000000)]
  0x000002dca2ad6f10 JavaThread "DestroyJavaVM" [_thread_blocked, id=13200, stack(0x000000f7a3a00000,0x000000f7a3b00000)]
  0x000002dca2ad8450 JavaThread "LWJGL Timer" daemon [_thread_blocked, id=9992, stack(0x000000f7a5400000,0x000000f7a5500000)]

Other Threads:
  0x000002dca2ab2010 VMThread "VM Thread" [stack: 0x000000f7a4000000,0x000000f7a4100000] [id=11484]
  0x000002dca3630e70 WatcherThread [stack: 0x000000f7a4b00000,0x000000f7a4c00000] [id=8516]
  0x000002dcf9a18b80 GCTaskThread "GC Thread#0" [stack: 0x000000f7a3b00000,0x000000f7a3c00000] [id=15212]
  0x000002dca736fc40 GCTaskThread "GC Thread#1" [stack: 0x000000f7a5600000,0x000000f7a5700000] [id=1980]
  0x000002dca76b0b80 GCTaskThread "GC Thread#2" [stack: 0x000000f7a5700000,0x000000f7a5800000] [id=6420]
  0x000002dca754c740 GCTaskThread "GC Thread#3" [stack: 0x000000f7a5800000,0x000000f7a5900000] [id=6948]
  0x000002dcf9a2a260 ConcurrentGCThread "G1 Main Marker" [stack: 0x000000f7a3c00000,0x000000f7a3d00000] [id=13196]
  0x000002dcf9a2bce0 ConcurrentGCThread "G1 Conc#0" [stack: 0x000000f7a3d00000,0x000000f7a3e00000] [id=10828]
  0x000002dcf9aaec50 ConcurrentGCThread "G1 Refine#0" [stack: 0x000000f7a3e00000,0x000000f7a3f00000] [id=1088]
  0x000002dca2968c20 ConcurrentGCThread "G1 Service" [stack: 0x000000f7a3f00000,0x000000f7a4000000] [id=2540]

Threads with active compile tasks:

VM state: not at safepoint (normal execution)

VM Mutex/Monitor currently owned by a thread: None

Heap address: 0x0000000701000000, size: 4080 MB, Compressed Oops mode: Zero based, Oop shift amount: 3

CDS archive(s) mapped at: [0x0000000800000000-0x0000000800bb0000-0x0000000800bb0000), size 12255232, SharedBaseAddress: 0x0000000800000000, ArchiveRelocationMode: 0.
Compressed class space mapped at: 0x0000000800c00000-0x0000000840c00000, reserved size: 1073741824
Narrow klass base: 0x0000000800000000, Narrow klass shift: 3, Narrow klass range: 0x100000000

GC Precious Log:
 CPUs: 4 total, 4 available
 Memory: 16312M
 Large Page Support: Disabled
 NUMA Support: Disabled
 Compressed Oops: Enabled (Zero based)
 Heap Region Size: 2M
 Heap Min Capacity: 8M
 Heap Initial Capacity: 256M
 Heap Max Capacity: 4080M
 Pre-touch: Disabled
 Parallel Workers: 4
 Concurrent Workers: 1
 Concurrent Refinement Workers: 4
 Periodic GC: Disabled

Heap:
 garbage-first heap   total 262144K, used 71474K [0x0000000701000000, 0x0000000800000000)
  region size 2048K, 36 young (73728K), 1 survivors (2048K)
 Metaspace       used 4195K, committed 4288K, reserved 1056768K
  class space    used 254K, committed 320K, reserved 1048576K

Heap Regions: E=young(eden), S=young(survivor), O=old, HS=humongous(starts), HC=humongous(continues), CS=collection set, F=free, OA=open archive, CA=closed archive, TAMS=top-at-mark-start (previous, next)
|   0|0x0000000701000000, 0x0000000701183200, 0x0000000701200000| 75%| O|  |TAMS 0x0000000701000000, 0x0000000701000000| Untracked 
|   1|0x0000000701200000, 0x0000000701200000, 0x0000000701400000|  0%| F|  |TAMS 0x0000000701200000, 0x0000000701200000| Untracked 
|   2|0x0000000701400000, 0x0000000701400000, 0x0000000701600000|  0%| F|  |TAMS 0x0000000701400000, 0x0000000701400000| Untracked 
|   3|0x0000000701600000, 0x0000000701600000, 0x0000000701800000|  0%| F|  |TAMS 0x0000000701600000, 0x0000000701600000| Untracked 
|   4|0x0000000701800000, 0x0000000701800000, 0x0000000701a00000|  0%| F|  |TAMS 0x0000000701800000, 0x0000000701800000| Untracked 
|   5|0x0000000701a00000, 0x0000000701a00000, 0x0000000701c00000|  0%| F|  |TAMS 0x0000000701a00000, 0x0000000701a00000| Untracked 
|   6|0x0000000701c00000, 0x0000000701c00000, 0x0000000701e00000|  0%| F|  |TAMS 0x0000000701c00000, 0x0000000701c00000| Untracked 
|   7|0x0000000701e00000, 0x0000000701e00000, 0x0000000702000000|  0%| F|  |TAMS 0x0000000701e00000, 0x0000000701e00000| Untracked 
|   8|0x0000000702000000, 0x0000000702000000, 0x0000000702200000|  0%| F|  |TAMS 0x0000000702000000, 0x0000000702000000| Untracked 
|   9|0x0000000702200000, 0x0000000702200000, 0x0000000702400000|  0%| F|  |TAMS 0x0000000702200000, 0x0000000702200000| Untracked 
|  10|0x0000000702400000, 0x0000000702400000, 0x0000000702600000|  0%| F|  |TAMS 0x0000000702400000, 0x0000000702400000| Untracked 
|  11|0x0000000702600000, 0x0000000702600000, 0x0000000702800000|  0%| F|  |TAMS 0x0000000702600000, 0x0000000702600000| Untracked 
|  12|0x0000000702800000, 0x0000000702800000, 0x0000000702a00000|  0%| F|  |TAMS 0x0000000702800000, 0x0000000702800000| Untracked 
|  13|0x0000000702a00000, 0x0000000702a00000, 0x0000000702c00000|  0%| F|  |TAMS 0x0000000702a00000, 0x0000000702a00000| Untracked 
|  14|0x0000000702c00000, 0x0000000702c00000, 0x0000000702e00000|  0%| F|  |TAMS 0x0000000702c00000, 0x0000000702c00000| Untracked 
|  15|0x0000000702e00000, 0x0000000702e00000, 0x0000000703000000|  0%| F|  |TAMS 0x0000000702e00000, 0x0000000702e00000| Untracked 
|  16|0x0000000703000000, 0x0000000703000000, 0x0000000703200000|  0%| F|  |TAMS 0x0000000703000000, 0x0000000703000000| Untracked 
|  17|0x0000000703200000, 0x0000000703200000, 0x0000000703400000|  0%| F|  |TAMS 0x0000000703200000, 0x0000000703200000| Untracked 
|  18|0x0000000703400000, 0x0000000703400000, 0x0000000703600000|  0%| F|  |TAMS 0x0000000703400000, 0x0000000703400000| Untracked 
|  19|0x0000000703600000, 0x0000000703600000, 0x0000000703800000|  0%| F|  |TAMS 0x0000000703600000, 0x0000000703600000| Untracked 
|  20|0x0000000703800000, 0x0000000703800000, 0x0000000703a00000|  0%| F|  |TAMS 0x0000000703800000, 0x0000000703800000| Untracked 
|  21|0x0000000703a00000, 0x0000000703a00000, 0x0000000703c00000|  0%| F|  |TAMS 0x0000000703a00000, 0x0000000703a00000| Untracked 
|  22|0x0000000703c00000, 0x0000000703c00000, 0x0000000703e00000|  0%| F|  |TAMS 0x0000000703c00000, 0x0000000703c00000| Untracked 
|  23|0x0000000703e00000, 0x0000000703e00000, 0x0000000704000000|  0%| F|  |TAMS 0x0000000703e00000, 0x0000000703e00000| Untracked 
|  24|0x0000000704000000, 0x0000000704000000, 0x0000000704200000|  0%| F|  |TAMS 0x0000000704000000, 0x0000000704000000| Untracked 
|  25|0x0000000704200000, 0x0000000704200000, 0x0000000704400000|  0%| F|  |TAMS 0x0000000704200000, 0x0000000704200000| Untracked 
|  26|0x0000000704400000, 0x0000000704400000, 0x0000000704600000|  0%| F|  |TAMS 0x0000000704400000, 0x0000000704400000| Untracked 
|  27|0x0000000704600000, 0x0000000704600000, 0x0000000704800000|  0%| F|  |TAMS 0x0000000704600000, 0x0000000704600000| Untracked 
|  28|0x0000000704800000, 0x0000000704800000, 0x0000000704a00000|  0%| F|  |TAMS 0x0000000704800000, 0x0000000704800000| Untracked 
|  29|0x0000000704a00000, 0x0000000704a00000, 0x0000000704c00000|  0%| F|  |TAMS 0x0000000704a00000, 0x0000000704a00000| Untracked 
|  30|0x0000000704c00000, 0x0000000704c00000, 0x0000000704e00000|  0%| F|  |TAMS 0x0000000704c00000, 0x0000000704c00000| Untracked 
|  31|0x0000000704e00000, 0x0000000704e00000, 0x0000000705000000|  0%| F|  |TAMS 0x0000000704e00000, 0x0000000704e00000| Untracked 
|  32|0x0000000705000000, 0x0000000705000000, 0x0000000705200000|  0%| F|  |TAMS 0x0000000705000000, 0x0000000705000000| Untracked 
|  33|0x0000000705200000, 0x0000000705200000, 0x0000000705400000|  0%| F|  |TAMS 0x0000000705200000, 0x0000000705200000| Untracked 
|  34|0x0000000705400000, 0x0000000705400000, 0x0000000705600000|  0%| F|  |TAMS 0x0000000705400000, 0x0000000705400000| Untracked 
|  35|0x0000000705600000, 0x0000000705600000, 0x0000000705800000|  0%| F|  |TAMS 0x0000000705600000, 0x0000000705600000| Untracked 
|  36|0x0000000705800000, 0x0000000705800000, 0x0000000705a00000|  0%| F|  |TAMS 0x0000000705800000, 0x0000000705800000| Untracked 
|  37|0x0000000705a00000, 0x0000000705a00000, 0x0000000705c00000|  0%| F|  |TAMS 0x0000000705a00000, 0x0000000705a00000| Untracked 
|  38|0x0000000705c00000, 0x0000000705c00000, 0x0000000705e00000|  0%| F|  |TAMS 0x0000000705c00000, 0x0000000705c00000| Untracked 
|  39|0x0000000705e00000, 0x0000000705e00000, 0x0000000706000000|  0%| F|  |TAMS 0x0000000705e00000, 0x0000000705e00000| Untracked 
|  40|0x0000000706000000, 0x0000000706000000, 0x0000000706200000|  0%| F|  |TAMS 0x0000000706000000, 0x0000000706000000| Untracked 
|  41|0x0000000706200000, 0x0000000706200000, 0x0000000706400000|  0%| F|  |TAMS 0x0000000706200000, 0x0000000706200000| Untracked 
|  42|0x0000000706400000, 0x0000000706400000, 0x0000000706600000|  0%| F|  |TAMS 0x0000000706400000, 0x0000000706400000| Untracked 
|  43|0x0000000706600000, 0x0000000706600000, 0x0000000706800000|  0%| F|  |TAMS 0x0000000706600000, 0x0000000706600000| Untracked 
|  44|0x0000000706800000, 0x0000000706800000, 0x0000000706a00000|  0%| F|  |TAMS 0x0000000706800000, 0x0000000706800000| Untracked 
|  45|0x0000000706a00000, 0x0000000706a00000, 0x0000000706c00000|  0%| F|  |TAMS 0x0000000706a00000, 0x0000000706a00000| Untracked 
|  46|0x0000000706c00000, 0x0000000706c00000, 0x0000000706e00000|  0%| F|  |TAMS 0x0000000706c00000, 0x0000000706c00000| Untracked 
|  47|0x0000000706e00000, 0x0000000706e00000, 0x0000000707000000|  0%| F|  |TAMS 0x0000000706e00000, 0x0000000706e00000| Untracked 
|  48|0x0000000707000000, 0x0000000707000000, 0x0000000707200000|  0%| F|  |TAMS 0x0000000707000000, 0x0000000707000000| Untracked 
|  49|0x0000000707200000, 0x0000000707200000, 0x0000000707400000|  0%| F|  |TAMS 0x0000000707200000, 0x0000000707200000| Untracked 
|  50|0x0000000707400000, 0x0000000707400000, 0x0000000707600000|  0%| F|  |TAMS 0x0000000707400000, 0x0000000707400000| Untracked 
|  51|0x0000000707600000, 0x0000000707649870, 0x0000000707800000| 14%| S|CS|TAMS 0x0000000707600000, 0x0000000707600000| Complete 
|  52|0x0000000707800000, 0x0000000707800000, 0x0000000707a00000|  0%| F|  |TAMS 0x0000000707800000, 0x0000000707800000| Untracked 
|  53|0x0000000707a00000, 0x0000000707a00000, 0x0000000707c00000|  0%| F|  |TAMS 0x0000000707a00000, 0x0000000707a00000| Untracked 
|  54|0x0000000707c00000, 0x0000000707c00000, 0x0000000707e00000|  0%| F|  |TAMS 0x0000000707c00000, 0x0000000707c00000| Untracked 
|  55|0x0000000707e00000, 0x0000000707e00000, 0x0000000708000000|  0%| F|  |TAMS 0x0000000707e00000, 0x0000000707e00000| Untracked 
|  56|0x0000000708000000, 0x0000000708000000, 0x0000000708200000|  0%| F|  |TAMS 0x0000000708000000, 0x0000000708000000| Untracked 
|  57|0x0000000708200000, 0x0000000708200000, 0x0000000708400000|  0%| F|  |TAMS 0x0000000708200000, 0x0000000708200000| Untracked 
|  58|0x0000000708400000, 0x0000000708400000, 0x0000000708600000|  0%| F|  |TAMS 0x0000000708400000, 0x0000000708400000| Untracked 
|  59|0x0000000708600000, 0x0000000708600000, 0x0000000708800000|  0%| F|  |TAMS 0x0000000708600000, 0x0000000708600000| Untracked 
|  60|0x0000000708800000, 0x0000000708800000, 0x0000000708a00000|  0%| F|  |TAMS 0x0000000708800000, 0x0000000708800000| Untracked 
|  61|0x0000000708a00000, 0x0000000708a00000, 0x0000000708c00000|  0%| F|  |TAMS 0x0000000708a00000, 0x0000000708a00000| Untracked 
|  62|0x0000000708c00000, 0x0000000708c00000, 0x0000000708e00000|  0%| F|  |TAMS 0x0000000708c00000, 0x0000000708c00000| Untracked 
|  63|0x0000000708e00000, 0x0000000708e00000, 0x0000000709000000|  0%| F|  |TAMS 0x0000000708e00000, 0x0000000708e00000| Untracked 
|  64|0x0000000709000000, 0x0000000709000000, 0x0000000709200000|  0%| F|  |TAMS 0x0000000709000000, 0x0000000709000000| Untracked 
|  65|0x0000000709200000, 0x0000000709200000, 0x0000000709400000|  0%| F|  |TAMS 0x0000000709200000, 0x0000000709200000| Untracked 
|  66|0x0000000709400000, 0x0000000709400000, 0x0000000709600000|  0%| F|  |TAMS 0x0000000709400000, 0x0000000709400000| Untracked 
|  67|0x0000000709600000, 0x0000000709600000, 0x0000000709800000|  0%| F|  |TAMS 0x0000000709600000, 0x0000000709600000| Untracked 
|  68|0x0000000709800000, 0x0000000709800000, 0x0000000709a00000|  0%| F|  |TAMS 0x0000000709800000, 0x0000000709800000| Untracked 
|  69|0x0000000709a00000, 0x0000000709a00000, 0x0000000709c00000|  0%| F|  |TAMS 0x0000000709a00000, 0x0000000709a00000| Untracked 
|  70|0x0000000709c00000, 0x0000000709c00000, 0x0000000709e00000|  0%| F|  |TAMS 0x0000000709c00000, 0x0000000709c00000| Untracked 
|  71|0x0000000709e00000, 0x0000000709e00000, 0x000000070a000000|  0%| F|  |TAMS 0x0000000709e00000, 0x0000000709e00000| Untracked 
|  72|0x000000070a000000, 0x000000070a000000, 0x000000070a200000|  0%| F|  |TAMS 0x000000070a000000, 0x000000070a000000| Untracked 
|  73|0x000000070a200000, 0x000000070a200000, 0x000000070a400000|  0%| F|  |TAMS 0x000000070a200000, 0x000000070a200000| Untracked 
|  74|0x000000070a400000, 0x000000070a400000, 0x000000070a600000|  0%| F|  |TAMS 0x000000070a400000, 0x000000070a400000| Untracked 
|  75|0x000000070a600000, 0x000000070a600000, 0x000000070a800000|  0%| F|  |TAMS 0x000000070a600000, 0x000000070a600000| Untracked 
|  76|0x000000070a800000, 0x000000070a800000, 0x000000070aa00000|  0%| F|  |TAMS 0x000000070a800000, 0x000000070a800000| Untracked 
|  77|0x000000070aa00000, 0x000000070aa00000, 0x000000070ac00000|  0%| F|  |TAMS 0x000000070aa00000, 0x000000070aa00000| Untracked 
|  78|0x000000070ac00000, 0x000000070ac00000, 0x000000070ae00000|  0%| F|  |TAMS 0x000000070ac00000, 0x000000070ac00000| Untracked 
|  79|0x000000070ae00000, 0x000000070ae00000, 0x000000070b000000|  0%| F|  |TAMS 0x000000070ae00000, 0x000000070ae00000| Untracked 
|  80|0x000000070b000000, 0x000000070b000000, 0x000000070b200000|  0%| F|  |TAMS 0x000000070b000000, 0x000000070b000000| Untracked 
|  81|0x000000070b200000, 0x000000070b200000, 0x000000070b400000|  0%| F|  |TAMS 0x000000070b200000, 0x000000070b200000| Untracked 
|  82|0x000000070b400000, 0x000000070b400000, 0x000000070b600000|  0%| F|  |TAMS 0x000000070b400000, 0x000000070b400000| Untracked 
|  83|0x000000070b600000, 0x000000070b600000, 0x000000070b800000|  0%| F|  |TAMS 0x000000070b600000, 0x000000070b600000| Untracked 
|  84|0x000000070b800000, 0x000000070b800000, 0x000000070ba00000|  0%| F|  |TAMS 0x000000070b800000, 0x000000070b800000| Untracked 
|  85|0x000000070ba00000, 0x000000070ba00000, 0x000000070bc00000|  0%| F|  |TAMS 0x000000070ba00000, 0x000000070ba00000| Untracked 
|  86|0x000000070bc00000, 0x000000070bc00000, 0x000000070be00000|  0%| F|  |TAMS 0x000000070bc00000, 0x000000070bc00000| Untracked 
|  87|0x000000070be00000, 0x000000070be00000, 0x000000070c000000|  0%| F|  |TAMS 0x000000070be00000, 0x000000070be00000| Untracked 
|  88|0x000000070c000000, 0x000000070c000000, 0x000000070c200000|  0%| F|  |TAMS 0x000000070c000000, 0x000000070c000000| Untracked 
|  89|0x000000070c200000, 0x000000070c200000, 0x000000070c400000|  0%| F|  |TAMS 0x000000070c200000, 0x000000070c200000| Untracked 
|  90|0x000000070c400000, 0x000000070c400000, 0x000000070c600000|  0%| F|  |TAMS 0x000000070c400000, 0x000000070c400000| Untracked 
|  91|0x000000070c600000, 0x000000070c600000, 0x000000070c800000|  0%| F|  |TAMS 0x000000070c600000, 0x000000070c600000| Untracked 
|  92|0x000000070c800000, 0x000000070c800000, 0x000000070ca00000|  0%| F|  |TAMS 0x000000070c800000, 0x000000070c800000| Untracked 
|  93|0x000000070ca00000, 0x000000070cb40010, 0x000000070cc00000| 62%| E|  |TAMS 0x000000070ca00000, 0x000000070ca00000| Complete 
|  94|0x000000070cc00000, 0x000000070ce00000, 0x000000070ce00000|100%| E|CS|TAMS 0x000000070cc00000, 0x000000070cc00000| Complete 
|  95|0x000000070ce00000, 0x000000070d000000, 0x000000070d000000|100%| E|CS|TAMS 0x000000070ce00000, 0x000000070ce00000| Complete 
|  96|0x000000070d000000, 0x000000070d200000, 0x000000070d200000|100%| E|CS|TAMS 0x000000070d000000, 0x000000070d000000| Complete 
|  97|0x000000070d200000, 0x000000070d400000, 0x000000070d400000|100%| E|CS|TAMS 0x000000070d200000, 0x000000070d200000| Complete 
|  98|0x000000070d400000, 0x000000070d600000, 0x000000070d600000|100%| E|CS|TAMS 0x000000070d400000, 0x000000070d400000| Complete 
|  99|0x000000070d600000, 0x000000070d800000, 0x000000070d800000|100%| E|CS|TAMS 0x000000070d600000, 0x000000070d600000| Complete 
| 100|0x000000070d800000, 0x000000070da00000, 0x000000070da00000|100%| E|CS|TAMS 0x000000070d800000, 0x000000070d800000| Complete 
| 101|0x000000070da00000, 0x000000070dc00000, 0x000000070dc00000|100%| E|CS|TAMS 0x000000070da00000, 0x000000070da00000| Complete 
| 102|0x000000070dc00000, 0x000000070de00000, 0x000000070de00000|100%| E|CS|TAMS 0x000000070dc00000, 0x000000070dc00000| Complete 
| 103|0x000000070de00000, 0x000000070e000000, 0x000000070e000000|100%| E|CS|TAMS 0x000000070de00000, 0x000000070de00000| Complete 
| 104|0x000000070e000000, 0x000000070e200000, 0x000000070e200000|100%| E|CS|TAMS 0x000000070e000000, 0x000000070e000000| Complete 
| 105|0x000000070e200000, 0x000000070e400000, 0x000000070e400000|100%| E|CS|TAMS 0x000000070e200000, 0x000000070e200000| Complete 
| 106|0x000000070e400000, 0x000000070e600000, 0x000000070e600000|100%| E|CS|TAMS 0x000000070e400000, 0x000000070e400000| Complete 
| 107|0x000000070e600000, 0x000000070e800000, 0x000000070e800000|100%| E|CS|TAMS 0x000000070e600000, 0x000000070e600000| Complete 
| 108|0x000000070e800000, 0x000000070ea00000, 0x000000070ea00000|100%| E|CS|TAMS 0x000000070e800000, 0x000000070e800000| Complete 
| 109|0x000000070ea00000, 0x000000070ec00000, 0x000000070ec00000|100%| E|CS|TAMS 0x000000070ea00000, 0x000000070ea00000| Complete 
| 110|0x000000070ec00000, 0x000000070ee00000, 0x000000070ee00000|100%| E|CS|TAMS 0x000000070ec00000, 0x000000070ec00000| Complete 
| 111|0x000000070ee00000, 0x000000070f000000, 0x000000070f000000|100%| E|CS|TAMS 0x000000070ee00000, 0x000000070ee00000| Complete 
| 112|0x000000070f000000, 0x000000070f200000, 0x000000070f200000|100%| E|CS|TAMS 0x000000070f000000, 0x000000070f000000| Complete 
| 113|0x000000070f200000, 0x000000070f400000, 0x000000070f400000|100%| E|CS|TAMS 0x000000070f200000, 0x000000070f200000| Complete 
| 114|0x000000070f400000, 0x000000070f600000, 0x000000070f600000|100%| E|CS|TAMS 0x000000070f400000, 0x000000070f400000| Complete 
| 115|0x000000070f600000, 0x000000070f800000, 0x000000070f800000|100%| E|CS|TAMS 0x000000070f600000, 0x000000070f600000| Complete 
| 116|0x000000070f800000, 0x000000070fa00000, 0x000000070fa00000|100%| E|CS|TAMS 0x000000070f800000, 0x000000070f800000| Complete 
| 117|0x000000070fa00000, 0x000000070fc00000, 0x000000070fc00000|100%| E|CS|TAMS 0x000000070fa00000, 0x000000070fa00000| Complete 
| 118|0x000000070fc00000, 0x000000070fe00000, 0x000000070fe00000|100%| E|CS|TAMS 0x000000070fc00000, 0x000000070fc00000| Complete 
| 119|0x000000070fe00000, 0x0000000710000000, 0x0000000710000000|100%| E|CS|TAMS 0x000000070fe00000, 0x000000070fe00000| Complete 
| 120|0x0000000710000000, 0x0000000710200000, 0x0000000710200000|100%| E|CS|TAMS 0x0000000710000000, 0x0000000710000000| Complete 
| 121|0x0000000710200000, 0x0000000710400000, 0x0000000710400000|100%| E|CS|TAMS 0x0000000710200000, 0x0000000710200000| Complete 
| 122|0x0000000710400000, 0x0000000710600000, 0x0000000710600000|100%| E|CS|TAMS 0x0000000710400000, 0x0000000710400000| Complete 
| 123|0x0000000710600000, 0x0000000710800000, 0x0000000710800000|100%| E|CS|TAMS 0x0000000710600000, 0x0000000710600000| Complete 
| 124|0x0000000710800000, 0x0000000710a00000, 0x0000000710a00000|100%| E|CS|TAMS 0x0000000710800000, 0x0000000710800000| Complete 
| 125|0x0000000710a00000, 0x0000000710c00000, 0x0000000710c00000|100%| E|CS|TAMS 0x0000000710a00000, 0x0000000710a00000| Complete 
| 126|0x0000000710c00000, 0x0000000710e00000, 0x0000000710e00000|100%| E|CS|TAMS 0x0000000710c00000, 0x0000000710c00000| Complete 
| 127|0x0000000710e00000, 0x0000000711000000, 0x0000000711000000|100%| E|CS|TAMS 0x0000000710e00000, 0x0000000710e00000| Complete 

Card table byte_map: [0x000002dc97510000,0x000002dc97d10000] _byte_map_base: 0x000002dc93d08000

Marking Bits (Prev, Next): (CMBitMap*) 0x000002dcf9a191f0, (CMBitMap*) 0x000002dcf9a19230
 Prev Bits: [0x000002dc98510000, 0x000002dc9c4d0000)
 Next Bits: [0x000002dc9c4d0000, 0x000002dca0490000)

Polling page: 0x000002dc80000000

Metaspace:

Usage:
  Non-class:      3.85 MB used.
      Class:    254.80 KB used.
       Both:      4.10 MB used.

Virtual space:
  Non-class space:        8.00 MB reserved,       3.88 MB ( 48%) committed,  1 nodes.
      Class space:        1.00 GB reserved,     320.00 KB ( <1%) committed,  1 nodes.
              Both:        1.01 GB reserved,       4.19 MB ( <1%) committed. 

Chunk freelists:
   Non-Class:  1.81 MB
       Class:  3.59 MB
        Both:  5.41 MB

MaxMetaspaceSize: 17179869184.00 GB
CompressedClassSpaceSize: 1.00 GB
 - commit_granule_bytes: 65536.
 - commit_granule_words: 8192.
 - virtual_space_node_default_size: 1048576.
 - enlarge_chunks_in_place: 1.
 - new_chunks_are_fully_committed: 0.
 - uncommit_free_chunks: 1.
 - use_allocation_guard: 0.
 - handle_deallocations: 1.


Internal statistics:

num_allocs_failed_limit: 0.
num_arena_births: 16.
num_arena_deaths: 0.
num_vsnodes_births: 2.
num_vsnodes_deaths: 0.
num_space_committed: 65.
num_space_uncommitted: 0.
num_chunks_returned_to_freelist: 0.
num_chunks_taken_from_freelist: 102.
num_chunk_merges: 0.
num_chunk_splits: 74.
num_chunks_enlarged: 67.
num_purges: 0.

CodeHeap 'non-profiled nmethods': size=120000Kb used=803Kb max_used=803Kb free=119196Kb
 bounds [0x000002dc8f190000, 0x000002dc8f400000, 0x000002dc966c0000]
CodeHeap 'profiled nmethods': size=120000Kb used=2815Kb max_used=2815Kb free=117185Kb
 bounds [0x000002dc87c60000, 0x000002dc87f20000, 0x000002dc8f190000]
CodeHeap 'non-nmethods': size=5760Kb used=1234Kb max_used=1296Kb free=4525Kb
 bounds [0x000002dc876c0000, 0x000002dc87930000, 0x000002dc87c60000]
 total_blobs=1881 nmethods=1339 adapters=455
 compilation: enabled
              stopped_count=0, restarted_count=0
 full_count=0

Compilation events (20 events):
Event: 4.153 Thread 0x000002dca2afd1b0 1333       3       com.badlogic.gdx.graphics.Pixmap::getHeight (8 bytes)
Event: 4.153 Thread 0x000002dca2afd1b0 nmethod 1333 0x000002dc87f1b990 code [0x000002dc87f1bb20, 0x000002dc87f1bc58]
Event: 4.153 Thread 0x000002dca2afd1b0 1334       3       com.badlogic.gdx.graphics.g2d.Gdx2DPixmap::getGLInternalFormat (90 bytes)
Event: 4.153 Thread 0x000002dca2afd1b0 nmethod 1334 0x000002dc87f1bd10 code [0x000002dc87f1bf60, 0x000002dc87f1c738]
Event: 4.185 Thread 0x000002dca2afd1b0 1335       3       java.lang.Integer::stringSize (47 bytes)
Event: 4.186 Thread 0x000002dca2afd1b0 nmethod 1335 0x000002dc87f1ca10 code [0x000002dc87f1cbc0, 0x000002dc87f1ce18]
Event: 4.186 Thread 0x000002dca2afd1b0 1336       3       java.lang.Integer::getChars (131 bytes)
Event: 4.186 Thread 0x000002dca2afd1b0 nmethod 1336 0x000002dc87f1cf10 code [0x000002dc87f1d0e0, 0x000002dc87f1d518]
Event: 4.235 Thread 0x000002dca2afd1b0 1337       3       com.badlogic.gdx.graphics.g2d.TextureRegion::setRegion (71 bytes)
Event: 4.235 Thread 0x000002dca2afaaa0 1339       4       com.badlogic.gdx.graphics.g2d.BitmapFont::load (507 bytes)
Event: 4.236 Thread 0x000002dca2afd1b0 nmethod 1337 0x000002dc87f1d790 code [0x000002dc87f1d9a0, 0x000002dc87f1dee8]
Event: 4.236 Thread 0x000002dca2afd1b0 1338       3       com.badlogic.gdx.graphics.g2d.TextureRegion::setRegion (67 bytes)
Event: 4.236 Thread 0x000002dca2afd1b0 nmethod 1338 0x000002dc87f1e110 code [0x000002dc87f1e300, 0x000002dc87f1e838]
Event: 4.241 Thread 0x000002dca2afaaa0 nmethod 1339 0x000002dc8f257b90 code [0x000002dc8f257d60, 0x000002dc8f258298]
Event: 4.241 Thread 0x000002dca2afaaa0 1340 %     4       javazoom.jl.decoder.SynthesisFilter::reset @ 2 (65 bytes)
Event: 4.250 Thread 0x000002dca2afaaa0 nmethod 1340% 0x000002dc8f258610 code [0x000002dc8f2587a0, 0x000002dc8f258c18]
Event: 4.265 Thread 0x000002dca2afd1b0 1341       3       org.lwjgl.input.Keyboard::readNext (89 bytes)
Event: 4.266 Thread 0x000002dca2afd1b0 nmethod 1341 0x000002dc87f1ea90 code [0x000002dc87f1ece0, 0x000002dc87f1f5b8]
Event: 4.266 Thread 0x000002dca2afd1b0 1342       3       java.lang.Object::equals (11 bytes)
Event: 4.266 Thread 0x000002dca2afd1b0 nmethod 1342 0x000002dc87f1f890 code [0x000002dc87f1fa20, 0x000002dc87f1fb98]

GC Heap History (6 events):
Event: 1.142 GC heap before
{Heap before GC invocations=0 (full 0):
 garbage-first heap   total 262144K, used 10240K [0x0000000701000000, 0x0000000800000000)
  region size 2048K, 6 young (12288K), 0 survivors (0K)
 Metaspace       used 3656K, committed 3776K, reserved 1056768K
  class space    used 242K, committed 320K, reserved 1048576K
}
Event: 1.145 GC heap after
{Heap after GC invocations=1 (full 0):
 garbage-first heap   total 262144K, used 1894K [0x0000000701000000, 0x0000000800000000)
  region size 2048K, 1 young (2048K), 1 survivors (2048K)
 Metaspace       used 3656K, committed 3776K, reserved 1056768K
  class space    used 242K, committed 320K, reserved 1048576K
}
Event: 1.362 GC heap before
{Heap before GC invocations=1 (full 0):
 garbage-first heap   total 262144K, used 14182K [0x0000000701000000, 0x0000000800000000)
  region size 2048K, 8 young (16384K), 1 survivors (2048K)
 Metaspace       used 3748K, committed 3904K, reserved 1056768K
  class space    used 242K, committed 320K, reserved 1048576K
}
Event: 1.364 GC heap after
{Heap after GC invocations=2 (full 0):
 garbage-first heap   total 262144K, used 1797K [0x0000000701000000, 0x0000000800000000)
  region size 2048K, 1 young (2048K), 1 survivors (2048K)
 Metaspace       used 3748K, committed 3904K, reserved 1056768K
  class space    used 242K, committed 320K, reserved 1048576K
}
Event: 3.085 GC heap before
{Heap before GC invocations=2 (full 0):
 garbage-first heap   total 262144K, used 153349K [0x0000000701000000, 0x0000000800000000)
  region size 2048K, 76 young (155648K), 1 survivors (2048K)
 Metaspace       used 4092K, committed 4224K, reserved 1056768K
  class space    used 253K, committed 320K, reserved 1048576K
}
Event: 3.086 GC heap after
{Heap after GC invocations=3 (full 0):
 garbage-first heap   total 262144K, used 1842K [0x0000000701000000, 0x0000000800000000)
  region size 2048K, 1 young (2048K), 1 survivors (2048K)
 Metaspace       used 4092K, committed 4224K, reserved 1056768K
  class space    used 253K, committed 320K, reserved 1048576K
}

Deoptimization events (20 events):
Event: 3.549 Thread 0x000002dca2ad79b0 Uncommon trap: trap_request=0xffffffde fr.pc=0x000002dc8f24dbb8 relative=0x0000000000000118
Event: 3.549 Thread 0x000002dca2ad79b0 Uncommon trap: reason=class_check action=maybe_recompile pc=0x000002dc8f24dbb8 method=jdk.internal.misc.Unsafe.allocateUninitializedArray(Ljava/lang/Class;I)Ljava/lang/Object; @ 51 c2
Event: 3.549 Thread 0x000002dca2ad79b0 DEOPT PACKING pc=0x000002dc8f24dbb8 sp=0x000000f7a4ffea00
Event: 3.549 Thread 0x000002dca2ad79b0 DEOPT UNPACKING pc=0x000002dc8770d72e sp=0x000000f7a4ffe988 mode 2
Event: 3.549 Thread 0x000002dca2ad79b0 Uncommon trap: trap_request=0xffffffde fr.pc=0x000002dc8f24dbb8 relative=0x0000000000000118
Event: 3.549 Thread 0x000002dca2ad79b0 Uncommon trap: reason=class_check action=maybe_recompile pc=0x000002dc8f24dbb8 method=jdk.internal.misc.Unsafe.allocateUninitializedArray(Ljava/lang/Class;I)Ljava/lang/Object; @ 51 c2
Event: 3.549 Thread 0x000002dca2ad79b0 DEOPT PACKING pc=0x000002dc8f24dbb8 sp=0x000000f7a4ffea70
Event: 3.549 Thread 0x000002dca2ad79b0 DEOPT UNPACKING pc=0x000002dc8770d72e sp=0x000000f7a4ffe9f8 mode 2
Event: 3.972 Thread 0x000002dca2ad79b0 Uncommon trap: trap_request=0xffffff45 fr.pc=0x000002dc8f1e71f4 relative=0x00000000000001d4
Event: 3.972 Thread 0x000002dca2ad79b0 Uncommon trap: reason=unstable_if action=reinterpret pc=0x000002dc8f1e71f4 method=java.lang.String.startsWith(Ljava/lang/String;I)Z @ 14 c2
Event: 3.972 Thread 0x000002dca2ad79b0 DEOPT PACKING pc=0x000002dc8f1e71f4 sp=0x000000f7a4ffc9c0
Event: 3.972 Thread 0x000002dca2ad79b0 DEOPT UNPACKING pc=0x000002dc8770d72e sp=0x000000f7a4ffc8c8 mode 2
Event: 4.083 Thread 0x000002dca2ad79b0 DEOPT PACKING pc=0x000002dc87e00ad2 sp=0x000000f7a4ffe880
Event: 4.083 Thread 0x000002dca2ad79b0 DEOPT UNPACKING pc=0x000002dc8770dece sp=0x000000f7a4ffdcd0 mode 0
Event: 4.235 Thread 0x000002dca2ad79b0 DEOPT PACKING pc=0x000002dc87eb32f8 sp=0x000000f7a4ffefe0
Event: 4.235 Thread 0x000002dca2ad79b0 DEOPT UNPACKING pc=0x000002dc8770dece sp=0x000000f7a4ffe410 mode 0
Event: 4.261 Thread 0x000002dca2ad79b0 Uncommon trap: trap_request=0xffffff45 fr.pc=0x000002dc8f243278 relative=0x0000000000000ef8
Event: 4.261 Thread 0x000002dca2ad79b0 Uncommon trap: reason=unstable_if action=reinterpret pc=0x000002dc8f243278 method=javazoom.jl.decoder.Header.read_header(Ljavazoom/jl/decoder/Bitstream;[Ljavazoom/jl/decoder/Crc16;)V @ 265 c2
Event: 4.261 Thread 0x000002dca2ad79b0 DEOPT PACKING pc=0x000002dc8f243278 sp=0x000000f7a4ffed10
Event: 4.261 Thread 0x000002dca2ad79b0 DEOPT UNPACKING pc=0x000002dc8770d72e sp=0x000000f7a4ffecd0 mode 2

Classes unloaded (0 events):
No events

Classes redefined (0 events):
No events

Internal exceptions (4 events):
Event: 0.224 Thread 0x000002dcf99ca3f0 Exception <a 'java/lang/NoSuchMethodError'{0x0000000710ca4908}: 'java.lang.Object java.lang.invoke.DirectMethodHandle$Holder.invokeInterface(java.lang.Object, java.lang.Object)'> (0x0000000710ca4908) 
thrown [t:\workspace\open\src\hotspot\share\interpreter\linkResolver.cpp, line 790]
Event: 0.225 Thread 0x000002dcf99ca3f0 Exception <a 'java/lang/IncompatibleClassChangeError'{0x0000000710ca8688}: Found class java.lang.Object, but interface was expected> (0x0000000710ca8688) 
thrown [t:\workspace\open\src\hotspot\share\interpreter\linkResolver.cpp, line 857]
Event: 1.011 Thread 0x000002dca2ad79b0 Exception <a 'java/lang/NoSuchMethodError'{0x00000007106708c8}: 'java.lang.Object java.lang.invoke.DirectMethodHandle$Holder.invokeStatic(java.lang.Object)'> (0x00000007106708c8) 
thrown [t:\workspace\open\src\hotspot\share\interpreter\linkResolver.cpp, line 790]
Event: 1.011 Thread 0x000002dca2ad79b0 Exception <a 'java/lang/NoSuchMethodError'{0x00000007106742c0}: 'java.lang.Object java.lang.invoke.DirectMethodHandle$Holder.invokeStaticInit(java.lang.Object)'> (0x00000007106742c0) 
thrown [t:\workspace\open\src\hotspot\share\interpreter\linkResolver.cpp, line 790]

Events (20 events):
Event: 1.414 loading class jdk/internal/reflect/ClassFileAssembler done
Event: 1.414 loading class jdk/internal/reflect/UTF8
Event: 1.414 loading class jdk/internal/reflect/UTF8 done
Event: 1.414 loading class jdk/internal/reflect/Label
Event: 1.414 loading class jdk/internal/reflect/Label done
Event: 1.414 loading class jdk/internal/reflect/Label$PatchInfo
Event: 1.414 loading class jdk/internal/reflect/Label$PatchInfo done
Event: 1.414 loading class jdk/internal/reflect/MethodAccessorGenerator$1
Event: 1.414 loading class jdk/internal/reflect/MethodAccessorGenerator$1 done
Event: 1.415 loading class jdk/internal/reflect/ClassDefiner
Event: 1.415 loading class jdk/internal/reflect/ClassDefiner done
Event: 1.415 loading class jdk/internal/reflect/ClassDefiner$1
Event: 1.415 loading class jdk/internal/reflect/ClassDefiner$1 done
Event: 1.415 loading class jdk/internal/reflect/BootstrapConstructorAccessorImpl
Event: 1.415 loading class jdk/internal/reflect/BootstrapConstructorAccessorImpl done
Event: 2.565 Thread 0x000002dca7455e80 Thread exited: 0x000002dca7455e80
Event: 3.085 Executing  VM operation: G1CollectForAllocation
Event: 3.086 Executing  VM operation: G1CollectForAllocation done
Event: 4.086 Executing  VM operation: Cleanup
Event: 4.086 Executing  VM operation: Cleanup done


Dynamic libraries:
0x00007ff6ac740000 - 0x00007ff6ac750000 	C:\Program Files\Java\jdk-16.0.1\bin\javaw.exe
0x00007ffe64010000 - 0x00007ffe64205000 	C:\WINDOWS\SYSTEM32\ntdll.dll
0x00007ffe62d60000 - 0x00007ffe62e1d000 	C:\WINDOWS\System32\KERNEL32.DLL
0x00007ffe61b50000 - 0x00007ffe61e19000 	C:\WINDOWS\System32\KERNELBASE.dll
0x00007ffe61750000 - 0x00007ffe61850000 	C:\WINDOWS\System32\ucrtbase.dll
0x00007ffe51bd0000 - 0x00007ffe51be9000 	C:\Program Files\Java\jdk-16.0.1\bin\VCRUNTIME140.dll
0x00007ffe50b50000 - 0x00007ffe50b68000 	C:\Program Files\Java\jdk-16.0.1\bin\jli.dll
0x00007ffe62130000 - 0x00007ffe621dc000 	C:\WINDOWS\System32\ADVAPI32.dll
0x00007ffe621e0000 - 0x00007ffe6227e000 	C:\WINDOWS\System32\msvcrt.dll
0x00007ffe63940000 - 0x00007ffe639db000 	C:\WINDOWS\System32\sechost.dll
0x00007ffe63040000 - 0x00007ffe6316a000 	C:\WINDOWS\System32\RPCRT4.dll
0x00007ffe63b80000 - 0x00007ffe63d20000 	C:\WINDOWS\System32\USER32.dll
0x00007ffe59610000 - 0x00007ffe598aa000 	C:\WINDOWS\WinSxS\amd64_microsoft.windows.common-controls_6595b64144ccf1df_6.0.19041.1110_none_60b5254171f9507e\COMCTL32.dll
0x00007ffe62050000 - 0x00007ffe62072000 	C:\WINDOWS\System32\win32u.dll
0x00007ffe63e80000 - 0x00007ffe63eaa000 	C:\WINDOWS\System32\GDI32.dll
0x00007ffe618a0000 - 0x00007ffe619ab000 	C:\WINDOWS\System32\gdi32full.dll
0x00007ffe5f780000 - 0x00007ffe5f78a000 	C:\WINDOWS\SYSTEM32\VERSION.dll
0x00007ffe61fb0000 - 0x00007ffe6204d000 	C:\WINDOWS\System32\msvcp_win.dll
0x00007ffe63a70000 - 0x00007ffe63aa0000 	C:\WINDOWS\System32\IMM32.DLL
0x00007ffe5c550000 - 0x00007ffe5c55c000 	C:\Program Files\Java\jdk-16.0.1\bin\vcruntime140_1.dll
0x00007ffe2fae0000 - 0x00007ffe2fb71000 	C:\Program Files\Java\jdk-16.0.1\bin\msvcp140.dll
0x00007ffe23600000 - 0x00007ffe241ab000 	C:\Program Files\Java\jdk-16.0.1\bin\server\jvm.dll
0x00007ffe62420000 - 0x00007ffe62428000 	C:\WINDOWS\System32\PSAPI.DLL
0x00007ffe5c230000 - 0x00007ffe5c239000 	C:\WINDOWS\SYSTEM32\WSOCK32.dll
0x00007ffe59d90000 - 0x00007ffe59db7000 	C:\WINDOWS\SYSTEM32\WINMM.dll
0x00007ffe62e20000 - 0x00007ffe62e8b000 	C:\WINDOWS\System32\WS2_32.dll
0x00007ffe5f880000 - 0x00007ffe5f892000 	C:\WINDOWS\SYSTEM32\kernel.appcore.dll
0x00007ffe5c360000 - 0x00007ffe5c36a000 	C:\Program Files\Java\jdk-16.0.1\bin\jimage.dll
0x00007ffe5a910000 - 0x00007ffe5aaf4000 	C:\WINDOWS\SYSTEM32\DBGHELP.DLL
0x00007ffe5a680000 - 0x00007ffe5a6ac000 	C:\WINDOWS\SYSTEM32\dbgcore.DLL
0x00007ffe619b0000 - 0x00007ffe61a33000 	C:\WINDOWS\System32\bcryptPrimitives.dll
0x00007ffe4dad0000 - 0x00007ffe4daf5000 	C:\Program Files\Java\jdk-16.0.1\bin\java.dll
0x00007ffe62620000 - 0x00007ffe62d5f000 	C:\WINDOWS\System32\SHELL32.dll
0x00007ffe5f8a0000 - 0x00007ffe60031000 	C:\WINDOWS\SYSTEM32\windows.storage.dll
0x00007ffe63170000 - 0x00007ffe634c5000 	C:\WINDOWS\System32\combase.dll
0x00007ffe61150000 - 0x00007ffe6117c000 	C:\WINDOWS\SYSTEM32\Wldp.dll
0x00007ffe62440000 - 0x00007ffe624ee000 	C:\WINDOWS\System32\SHCORE.dll
0x00007ffe63dc0000 - 0x00007ffe63e15000 	C:\WINDOWS\System32\shlwapi.dll
0x00007ffe61690000 - 0x00007ffe616af000 	C:\WINDOWS\SYSTEM32\profapi.dll
0x00007ffe50b30000 - 0x00007ffe50b49000 	C:\Program Files\Java\jdk-16.0.1\bin\net.dll
0x00007ffe5af80000 - 0x00007ffe5b08a000 	C:\WINDOWS\SYSTEM32\WINHTTP.dll
0x00007ffe60e50000 - 0x00007ffe60eba000 	C:\WINDOWS\system32\mswsock.dll
0x00007ffe4db20000 - 0x00007ffe4db33000 	C:\Program Files\Java\jdk-16.0.1\bin\nio.dll
0x00007ffe4da20000 - 0x00007ffe4da38000 	C:\Program Files\Java\jdk-16.0.1\bin\zip.dll
0x000000006b3c0000 - 0x000000006b44d000 	C:\Users\pires\AppData\Local\Temp\libgdxpires\1242687446\gdx64.dll
0x00007ffe59fa0000 - 0x00007ffe59fb0000 	C:\Program Files\Java\jdk-16.0.1\bin\verify.dll
0x0000000180000000 - 0x0000000180050000 	C:\Users\pires\AppData\Local\Temp\libgdxpires\1242687446\lwjgl64.dll
0x00007ffe2c680000 - 0x00007ffe2c7a5000 	C:\WINDOWS\SYSTEM32\OPENGL32.dll
0x00007ffe51e60000 - 0x00007ffe51e8c000 	C:\WINDOWS\SYSTEM32\GLU32.dll
0x000002dca2b50000 - 0x000002dca2bb2000 	C:\Users\pires\AppData\Local\Temp\libgdxpires\1242687446\OpenAL64.dll
0x00007ffe62290000 - 0x00007ffe623ba000 	C:\WINDOWS\System32\ole32.dll
0x00007ffe5f0c0000 - 0x00007ffe5f15e000 	C:\WINDOWS\system32\uxtheme.dll
0x00007ffe62080000 - 0x00007ffe62129000 	C:\WINDOWS\System32\clbcatq.dll
0x00007ffe53980000 - 0x00007ffe53a1c000 	C:\WINDOWS\SYSTEM32\dsound.dll
0x00007ffe614b0000 - 0x00007ffe614fb000 	C:\WINDOWS\SYSTEM32\powrprof.dll
0x00007ffe48f60000 - 0x00007ffe48f86000 	C:\WINDOWS\SYSTEM32\winmmbase.dll
0x00007ffe61490000 - 0x00007ffe614a2000 	C:\WINDOWS\SYSTEM32\UMPDC.dll
0x00007ffe5b9a0000 - 0x00007ffe5ba25000 	C:\WINDOWS\System32\MMDevApi.dll
0x00007ffe61500000 - 0x00007ffe6152c000 	C:\WINDOWS\System32\DEVOBJ.dll
0x00007ffe61850000 - 0x00007ffe6189e000 	C:\WINDOWS\System32\cfgmgr32.dll
0x00007ffe5ba30000 - 0x00007ffe5bbb1000 	C:\WINDOWS\SYSTEM32\AUDIOSES.DLL
0x00007ffe624f0000 - 0x00007ffe625bd000 	C:\WINDOWS\System32\OLEAUT32.dll
0x00007ffe5eed0000 - 0x00007ffe5eee4000 	C:\WINDOWS\SYSTEM32\resourcepolicyclient.dll
0x00007ffe5d1b0000 - 0x00007ffe5d25e000 	C:\WINDOWS\SYSTEM32\mscms.dll
0x00007ffe61650000 - 0x00007ffe6167e000 	C:\WINDOWS\SYSTEM32\USERENV.dll
0x00007ffe5d190000 - 0x00007ffe5d1a1000 	C:\WINDOWS\SYSTEM32\ColorAdapterClient.dll
0x00007ffe63eb0000 - 0x00007ffe63fc5000 	C:\WINDOWS\System32\MSCTF.dll
0x00007ffe58f50000 - 0x00007ffe59049000 	C:\Windows\System32\AppXDeploymentClient.dll
0x0000000066000000 - 0x0000000067e47000 	C:\WINDOWS\SYSTEM32\nvoglv64.DLL
0x00007ffe634d0000 - 0x00007ffe63939000 	C:\WINDOWS\System32\SETUPAPI.dll
0x00007ffe61e20000 - 0x00007ffe61e47000 	C:\WINDOWS\System32\bcrypt.dll
0x00007ffe5cca0000 - 0x00007ffe5ccb4000 	C:\WINDOWS\SYSTEM32\WTSAPI32.dll
0x00007ffe61a40000 - 0x00007ffe61aa0000 	C:\WINDOWS\System32\WINTRUST.dll
0x00007ffe61e50000 - 0x00007ffe61faf000 	C:\WINDOWS\System32\CRYPT32.dll
0x00007ffe612d0000 - 0x00007ffe612e2000 	C:\WINDOWS\System32\MSASN1.dll
0x00007ffe60480000 - 0x00007ffe604b3000 	C:\WINDOWS\SYSTEM32\ntmarta.dll
0x00007ffe60f20000 - 0x00007ffe60f7a000 	C:\WINDOWS\SYSTEM32\WINSTA.dll
0x00007ffe5f2b0000 - 0x00007ffe5f2df000 	C:\WINDOWS\system32\dwmapi.dll
0x00007ffe51f00000 - 0x00007ffe51ff9000 	C:\WINDOWS\SYSTEM32\textinputframework.dll
0x00007ffe5e860000 - 0x00007ffe5ebbe000 	C:\WINDOWS\System32\CoreUIComponents.dll
0x00007ffe5ebc0000 - 0x00007ffe5ecb2000 	C:\WINDOWS\System32\CoreMessaging.dll
0x00007ffe5e450000 - 0x00007ffe5e5a4000 	C:\WINDOWS\SYSTEM32\wintypes.dll
0x00007ffe5cbe0000 - 0x00007ffe5cc46000 	C:\WINDOWS\system32\Oleacc.dll
0x00007ffe4d010000 - 0x00007ffe4d053000 	C:\WINDOWS\SYSTEM32\icm32.dll
0x00007ffe60080000 - 0x00007ffe60174000 	C:\WINDOWS\SYSTEM32\dxgi.dll
0x00007ffe5d380000 - 0x00007ffe5d5e4000 	C:\WINDOWS\SYSTEM32\d3d11.dll
0x00007ffe4e8b0000 - 0x00007ffe4fa6a000 	C:\WINDOWS\SYSTEM32\nvwgf2umx.dll
0x00007ffe4fb70000 - 0x00007ffe4fbab000 	C:\WINDOWS\SYSTEM32\dxcore.dll

dbghelp: loaded successfully - version: 4.0.5 - missing functions: none
symbol engine: initialized successfully - sym options: 0x614 - pdb path: .;C:\Program Files\Java\jdk-16.0.1\bin;C:\WINDOWS\SYSTEM32;C:\WINDOWS\WinSxS\amd64_microsoft.windows.common-controls_6595b64144ccf1df_6.0.19041.1110_none_60b5254171f9507e;C:\Program Files\Java\jdk-16.0.1\bin\server;C:\Users\pires\AppData\Local\Temp\libgdxpires\1242687446

VM Arguments:
jvm_args: -Dfile.encoding=UTF-8 -XX:+ShowCodeDetailsInExceptionMessages 
java_command: Seaquest
java_class_path (initial): C:\Users\pires\eclipse-workspace\TP2 - Seaquest\bin;C:\Users\pires\eclipse-workspace\TP2 - Seaquest\libs\gdx.jar;C:\Users\pires\eclipse-workspace\TP2 - Seaquest\libs\gdx-backend-lwjgl.jar;C:\Users\pires\eclipse-workspace\TP2 - Seaquest\libs\gdx-backend-lwjgl-natives.jar;C:\Users\pires\eclipse-workspace\TP2 - Seaquest\libs\gdx-natives.jar;C:\Users\pires\eclipse-workspace\TP2 - Seaquest\libs\gdx-sources.jar
Launcher Type: SUN_STANDARD

[Global flags]
     intx CICompilerCount                          = 3                                         {product} {ergonomic}
     uint ConcGCThreads                            = 1                                         {product} {ergonomic}
     uint G1ConcRefinementThreads                  = 4                                         {product} {ergonomic}
   size_t G1HeapRegionSize                         = 2097152                                   {product} {ergonomic}
    uintx GCDrainStackTargetSize                   = 64                                        {product} {ergonomic}
   size_t InitialHeapSize                          = 268435456                                 {product} {ergonomic}
   size_t MarkStackSize                            = 4194304                                   {product} {ergonomic}
   size_t MaxHeapSize                              = 4278190080                                {product} {ergonomic}
   size_t MaxNewSize                               = 2566914048                                {product} {ergonomic}
   size_t MinHeapDeltaBytes                        = 2097152                                   {product} {ergonomic}
   size_t MinHeapSize                              = 8388608                                   {product} {ergonomic}
    uintx NonNMethodCodeHeapSize                   = 5832780                                {pd product} {ergonomic}
    uintx NonProfiledCodeHeapSize                  = 122912730                              {pd product} {ergonomic}
    uintx ProfiledCodeHeapSize                     = 122912730                              {pd product} {ergonomic}
    uintx ReservedCodeCacheSize                    = 251658240                              {pd product} {ergonomic}
     bool SegmentedCodeCache                       = true                                      {product} {ergonomic}
     bool ShowCodeDetailsInExceptionMessages       = true                                   {manageable} {command line}
   size_t SoftMaxHeapSize                          = 4278190080                             {manageable} {ergonomic}
     bool UseCompressedClassPointers               = true                           {product lp64_product} {ergonomic}
     bool UseCompressedOops                        = true                           {product lp64_product} {ergonomic}
     bool UseG1GC                                  = true                                      {product} {ergonomic}
     bool UseLargePagesIndividualAllocation        = false                                  {pd product} {ergonomic}

Logging:
Log output configuration:
 #0: stdout all=warning uptime,level,tags
 #1: stderr all=off uptime,level,tags

Environment Variables:
PATH=C:\Program Files\Common Files\Oracle\Java\javapath;C:\Program Files (x86)\Common Files\Oracle\Java\javapath;C:\WINDOWS\system32;C:\WINDOWS;C:\WINDOWS\System32\Wbem;C:\WINDOWS\System32\WindowsPowerShell\v1.0\;C:\WINDOWS\System32\OpenSSH\;C:\Program Files\Git\cmd;C:\Program Files\nodejs\;C:\Users\pires\AppData\Local\Programs\Python\Python38-32\Scripts\;C:\Users\pires\AppData\Local\Programs\Python\Python38-32\;C:\Users\pires\AppData\Local\Microsoft\WindowsApps;C:\Users\pires\AppData\Local\atom\bin;C:\ProgramData\pires\atom\bin;C:\Users\pires\AppData\Local\Programs\Microsoft VS Code\bin;C:\Program Files\JetBrains\PyCharm 2020.2.2\bin;;C:\Users\pires\AppData\Local\GitHubDesktop\bin;C:\Users\pires\AppData\Local\Microsoft\WindowsApps;C:\Users\pires\AppData\Roaming\npm
USERNAME=pires
OS=Windows_NT
PROCESSOR_IDENTIFIER=Intel64 Family 6 Model 45 Stepping 7, GenuineIntel



---------------  S Y S T E M  ---------------

OS:
 Windows 10 , 64 bit Build 19041 (10.0.19041.1023)
OS uptime: 5 days 15:53 hours

CPU: total 4 (initial active 4) (4 cores per cpu, 2 threads per core) family 6 model 45 stepping 7 microcode 0x714, cx8, cmov, fxsr, ht, mmx, sse, sse2, sse3, ssse3, sse4.1, sse4.2, popcnt, tsc, tscinvbit, avx, aes, clmul, vzeroupper, clflush

Memory: 4k page, system-wide physical 16312M (10823M free)
TotalPageFile size 18744M (AvailPageFile size 11758M)
current process WorkingSet (physical memory assigned to process): 324M, peak: 339M
current process commit charge ("private bytes"): 514M, peak: 523M

vm_info: Java HotSpot(TM) 64-Bit Server VM (16.0.1+9-24) for windows-amd64 JRE (16.0.1+9-24), built on Mar 26 2021 19:31:42 by "mach5one" with MS VC++ 16.7 (VS2019)

END.
